#
# A fatal error has been detected by the Java Runtime Environment:
#
#  EXCEPTION_ACCESS_VIOLATION (0xc0000005) at pc=0x00007ffebb7ab796, pid=14012, tid=12176
#
# JRE version: OpenJDK Runtime Environment (19.0.2+7) (build 19.0.2+7-44)
# Java VM: OpenJDK 64-Bit Server VM (19.0.2+7-44, mixed mode, sharing, tiered, compressed oops, compressed class ptrs, g1 gc, windows-amd64)
# Problematic frame:
# C  [glass.dll+0x1b796]
#
# No core dump will be written. Minidumps are not enabled by default on client versions of Windows
#
# If you would like to submit a bug report, please visit:
#   https://bugreport.java.com/bugreport/crash.jsp
# The crash happened outside the Java Virtual Machine in native code.
# See problematic frame for where to report the bug.
#

---------------  S U M M A R Y ------------

Command Line: -javaagent:C:\Users\LAB INFO CEDUP 03\AppData\Local\JetBrains\IntelliJ IDEA Community Edition 2022.3.2\lib\idea_rt.jar=64371:C:\Users\LAB INFO CEDUP 03\AppData\Local\JetBrains\IntelliJ IDEA Community Edition 2022.3.2\bin -Dfile.encoding=UTF-8 -Dsun.stdout.encoding=UTF-8 -Dsun.stderr.encoding=UTF-8 --module-path=C:\Users\LAB INFO CEDUP 03\.m2\repository\org\openjfx\javafx-fxml\19\javafx-fxml-19-win.jar;C:\Users\LAB INFO CEDUP 03\.m2\repository\org\openjfx\javafx-controls\19\javafx-controls-19-win.jar;C:\Users\LAB INFO CEDUP 03\IdeaProjects\ProjectONEGAMES\target\classes;C:\Users\LAB INFO CEDUP 03\.m2\repository\org\openjfx\javafx-graphics\19\javafx-graphics-19-win.jar;C:\Users\LAB INFO CEDUP 03\.m2\repository\org\openjfx\javafx-base\19\javafx-base-19-win.jar -Djdk.module.main=com.example.projectonegames com.example.projectonegames/com.example.projectonegames.HelloApplication

Host: Intel(R) Core(TM) i3-10100T CPU @ 3.00GHz, 8 cores, 7G,  Windows 10 , 64 bit Build 19041 (10.0.19041.2788)
Time: Wed May 17 19:48:48 2023 Hora oficial do Brasil elapsed time: 8.648634 seconds (0d 0h 0m 8s)

---------------  T H R E A D  ---------------

Current thread (0x0000023ae52c9ff0):  JavaThread "JavaFX Application Thread" [_thread_in_native, id=12176, stack(0x000000d012400000,0x000000d012500000)]

Stack: [0x000000d012400000,0x000000d012500000],  sp=0x000000d0124fe190,  free space=1016k
Native frames: (J=compiled Java code, j=interpreted, Vv=VM code, C=native code)
C  [glass.dll+0x1b796]

Java frames: (J=compiled Java code, j=interpreted, Vv=VM code)
j  com.sun.glass.ui.win.WinWindow._close(J)Z+0 javafx.graphics@19
j  com.sun.glass.ui.Window.close()V+63 javafx.graphics@19
j  com.sun.glass.ui.win.WinWindow.close()V+8 javafx.graphics@19
j  com.sun.glass.ui.Application.terminate()V+75 javafx.graphics@19
j  com.sun.javafx.tk.quantum.QuantumToolkit.lambda$exit$13()Ljava/lang/Object;+5 javafx.graphics@19
j  com.sun.javafx.tk.quantum.QuantumToolkit$$Lambda$603+0x00000008012bb180.get()Ljava/lang/Object;+0 javafx.graphics@19
j  com.sun.javafx.tk.quantum.QuantumToolkit.runWithRenderLock(Ljava/util/function/Supplier;)Ljava/lang/Object;+7 javafx.graphics@19
j  com.sun.javafx.tk.quantum.QuantumToolkit.exit()V+26 javafx.graphics@19
j  com.sun.javafx.application.PlatformImpl.lambda$tkExit$16()V+3 javafx.graphics@19
j  com.sun.javafx.application.PlatformImpl$$Lambda$602+0x00000008012baf78.run()V+0 javafx.graphics@19
j  com.sun.javafx.application.PlatformImpl.lambda$runAndWait$12(Ljava/lang/Runnable;Ljava/util/concurrent/CountDownLatch;)V+1 javafx.graphics@19
j  com.sun.javafx.application.PlatformImpl$$Lambda$85+0x0000000801083460.run()V+8 javafx.graphics@19
j  com.sun.javafx.application.PlatformImpl.lambda$runLater$10(Ljava/lang/Runnable;)Ljava/lang/Void;+1 javafx.graphics@19
j  com.sun.javafx.application.PlatformImpl$$Lambda$87+0x0000000801086630.run()Ljava/lang/Object;+4 javafx.graphics@19
J 1894 c1 java.security.AccessController.doPrivileged(Ljava/security/PrivilegedAction;Ljava/security/AccessControlContext;)Ljava/lang/Object; java.base@19.0.2 (17 bytes) @ 0x0000023ace72badc [0x0000023ace72b900+0x00000000000001dc]
j  com.sun.javafx.application.PlatformImpl.lambda$runLater$11(Ljava/lang/Runnable;Ljava/security/AccessControlContext;)V+7 javafx.graphics@19
j  com.sun.javafx.application.PlatformImpl$$Lambda$86+0x0000000801083c18.run()V+8 javafx.graphics@19
j  com.sun.glass.ui.InvokeLaterDispatcher$Future.run()V+4 javafx.graphics@19
v  ~StubRoutines::call_stub 0x0000023ad592100e
j  com.sun.glass.ui.win.WinApplication._runLoop(Ljava/lang/Runnable;)V+0 javafx.graphics@19
j  com.sun.glass.ui.win.WinApplication.lambda$runLoop$3(ILjava/lang/Runnable;)V+8 javafx.graphics@19
j  com.sun.glass.ui.win.WinApplication$$Lambda$75+0x0000000801032868.run()V+12 javafx.graphics@19
j  java.lang.Thread.run()V+13 java.base@19.0.2
v  ~StubRoutines::call_stub 0x0000023ad592100e

siginfo: EXCEPTION_ACCESS_VIOLATION (0xc0000005), reading address 0x0000000000000120


Registers:
RAX=0x0000000000000000, RBX=0x0000000000000000, RCX=0x0000000000000000, RDX=0x0000000000000000
RSP=0x000000d0124fe190, RBP=0x0000000000000000, RSI=0x0000000000000401, RDI=0x000000d0124fe4f0
R8 =0x000000d0124fe4f0, R9 =0x0000000000000000, R10=0x00007ffebb7b8838, R11=0x0000000000000246
R12=0x0000000000000000, R13=0x0000000000000401, R14=0x0000000000000000, R15=0x0000000000000000
RIP=0x00007ffebb7ab796, EFLAGS=0x0000000000010206


Register to memory mapping:

RIP=0x00007ffebb7ab796 glass.dll
RAX=0x0 is NULL
RBX=0x0 is NULL
RCX=0x0 is NULL
RDX=0x0 is NULL
RSP=0x000000d0124fe190 is pointing into the stack for thread: 0x0000023ae52c9ff0
RBP=0x0 is NULL
RSI=0x0000000000000401 is an unknown value
RDI=0x000000d0124fe4f0 is pointing into the stack for thread: 0x0000023ae52c9ff0
R8 =0x000000d0124fe4f0 is pointing into the stack for thread: 0x0000023ae52c9ff0
R9 =0x0 is NULL
R10=0x00007ffebb7b8838 glass.dll
R11=0x0000000000000246 is an unknown value
R12=0x0 is NULL
R13=0x0000000000000401 is an unknown value
R14=0x0 is NULL
R15=0x0 is NULL


Top of Stack: (sp=0x000000d0124fe190)
0x000000d0124fe190:   0000000000000578 000000d0124fe1a0
0x000000d0124fe1a0:   0000000000180016 00007ffebb7b75d0
0x000000d0124fe1b0:   000000d0124fe4f0 00007ffebb7aa521
0x000000d0124fe1c0:   000000d0124fe4f0 0000000000000401
0x000000d0124fe1d0:   00007ffebb7b75d0 0000023ac517a7c0
0x000000d0124fe1e0:   0000023ae9f56e60 00007ffebb79a2d5
0x000000d0124fe1f0:   000000d0124fe4f0 000000d0124fe501
0x000000d0124fe200:   0000023ad593c0ce 00007ffe6cd7a7b4
0x000000d0124fe210:   0000000000000000 00007ffebb7917bc
0x000000d0124fe220:   0000023ae9f56e60 000000d0124fe4f0
0x000000d0124fe230:   0000000000000401 00000000004b01f0
0x000000d0124fe240:   0000000000000000 00007ffec71be858
0x000000d0124fe250:   0000000000000001 000000d0124fe440
0x000000d0124fe260:   0000000000000000 0000000080000022
0x000000d0124fe270:   0000000000000000 000000d0124fe291
0x000000d0124fe280:   0000023ae590aee0 0000000000000030 

Instructions: (pc=0x00007ffebb7ab796)
0x00007ffebb7ab696:   a8 00 00 00 41 5e 41 5d 41 5c 5e 5d 5b c3 cc cc
0x00007ffebb7ab6a6:   cc cc cc cc cc cc cc cc cc cc b0 01 c3 cc cc cc
0x00007ffebb7ab6b6:   cc cc cc cc cc cc cc cc cc cc 48 89 5c 24 08 57
0x00007ffebb7ab6c6:   48 83 ec 30 48 8b fa 48 8b d9 48 39 91 20 01 00
0x00007ffebb7ab6d6:   00 0f 84 a5 00 00 00 e8 ae 00 00 00 48 8b 93 20
0x00007ffebb7ab6e6:   01 00 00 48 85 d2 75 04 48 8b 53 08 48 89 54 24
0x00007ffebb7ab6f6:   20 4c 8b c7 48 85 ff 75 04 4c 8b 43 08 48 8d 0d
0x00007ffebb7ab706:   16 e9 00 00 4c 89 44 24 28 e8 3c 7f fe ff 48 8b
0x00007ffebb7ab716:   4c 24 20 4c 8d 44 24 20 48 8d 15 eb f8 ff ff ff
0x00007ffebb7ab726:   15 b5 de 01 00 48 8b 05 2e e2 01 00 48 85 c0 75
0x00007ffebb7ab736:   04 33 c9 eb 03 8b 48 40 4c 8d 44 24 20 48 8d 15
0x00007ffebb7ab746:   06 f9 ff ff ff 15 98 de 01 00 48 89 bb 20 01 00
0x00007ffebb7ab756:   00 e8 d4 37 00 00 4c 8b 05 9d e5 01 00 48 8b c8
0x00007ffebb7ab766:   48 8b 93 c0 00 00 00 4c 8b cf e8 7b 99 fe ff e8
0x00007ffebb7ab776:   b6 37 00 00 48 8b c8 e8 ce 36 00 00 48 8b 5c 24
0x00007ffebb7ab786:   40 48 83 c4 30 5f c3 cc cc cc 40 57 48 83 ec 20
0x00007ffebb7ab796:   48 8b 81 20 01 00 00 48 8b f9 48 85 c0 75 04 48
0x00007ffebb7ab7a6:   8b 41 08 48 3b 05 d0 e4 01 00 75 3b 48 89 5c 24
0x00007ffebb7ab7b6:   30 e8 74 37 00 00 4c 8b 05 2d e5 01 00 48 8b c8
0x00007ffebb7ab7c6:   48 8b 97 c0 00 00 00 48 8b d8 e8 1b 99 fe ff 48
0x00007ffebb7ab7d6:   8b cb e8 73 36 00 00 48 8b 5c 24 30 48 c7 05 93
0x00007ffebb7ab7e6:   e4 01 00 00 00 00 00 48 83 c4 20 5f c3 cc cc cc
0x00007ffebb7ab7f6:   cc cc cc cc cc cc cc cc cc cc 40 53 48 83 ec 50
0x00007ffebb7ab806:   48 8b 05 b3 b9 01 00 48 33 c4 48 89 44 24 40 48
0x00007ffebb7ab816:   8b d9 48 8b 49 08 ff 15 3e dd 01 00 85 c0 0f 85
0x00007ffebb7ab826:   1b 01 00 00 48 8b 4b 08 48 8d 54 24 30 ff 15 8f
0x00007ffebb7ab836:   db 01 00 48 8b 4b 08 48 8d 54 24 20 ff 15 e8 db
0x00007ffebb7ab846:   01 00 48 8b 4b 08 4c 8d 44 24 20 41 b9 02 00 00
0x00007ffebb7ab856:   00 33 d2 ff 15 d9 db 01 00 8b 44 24 24 2b 44 24
0x00007ffebb7ab866:   34 8b 4c 24 20 2b 4c 24 30 8b 54 24 3c 2b 54 24
0x00007ffebb7ab876:   2c 44 8b 44 24 38 44 2b 44 24 28 89 83 0c 01 00
0x00007ffebb7ab886:   00 89 8b 08 01 00 00 89 93 14 01 00 00 44 89 83 


Stack slot to memory mapping:
stack at sp + 0 slots: 0x0000000000000578 is an unknown value
stack at sp + 1 slots: 0x000000d0124fe1a0 is pointing into the stack for thread: 0x0000023ae52c9ff0
stack at sp + 2 slots: 0x0000000000180016 is an unknown value
stack at sp + 3 slots: 0x00007ffebb7b75d0 glass.dll
stack at sp + 4 slots: 0x000000d0124fe4f0 is pointing into the stack for thread: 0x0000023ae52c9ff0
stack at sp + 5 slots: 0x00007ffebb7aa521 glass.dll
stack at sp + 6 slots: 0x000000d0124fe4f0 is pointing into the stack for thread: 0x0000023ae52c9ff0
stack at sp + 7 slots: 0x0000000000000401 is an unknown value


Compiled method (c1)    8693 1894       3       java.security.AccessController::doPrivileged (17 bytes)
 total in heap  [0x0000023ace72b710,0x0000023ace72be48] = 1848
 relocation     [0x0000023ace72b870,0x0000023ace72b8f8] = 136
 main code      [0x0000023ace72b900,0x0000023ace72bc40] = 832
 stub code      [0x0000023ace72bc40,0x0000023ace72bcb8] = 120
 metadata       [0x0000023ace72bcb8,0x0000023ace72bcd0] = 24
 scopes data    [0x0000023ace72bcd0,0x0000023ace72bd80] = 176
 scopes pcs     [0x0000023ace72bd80,0x0000023ace72be30] = 176
 dependencies   [0x0000023ace72be30,0x0000023ace72be38] = 8
 nul chk table  [0x0000023ace72be38,0x0000023ace72be48] = 16

[Constant Pool (empty)]

[MachCode]
[Verified Entry Point]
  # {method} {0x0000000800063690} 'doPrivileged' '(Ljava/security/PrivilegedAction;Ljava/security/AccessControlContext;)Ljava/lang/Object;' in 'java/security/AccessController'
  # parm0:    rdx:rdx   = 'java/security/PrivilegedAction'
  # parm1:    r8:r8     = 'java/security/AccessControlContext'
  #           [sp+0x80]  (sp of caller)
  0x0000023ace72b900: 8984 2400 | 90ff ff55 | 4883 ec70 

  0x0000023ace72b90c: ;   {metadata(method data for {method} {0x0000000800063690} 'doPrivileged' '(Ljava/security/PrivilegedAction;Ljava/security/AccessControlContext;)Ljava/lang/Object;' in 'java/security/AccessController')}
  0x0000023ace72b90c: 48be 4064 | 10e6 3a02 | 0000 8bbe | cc00 0000 | 83c7 0289 | becc 0000 | 0081 e7fe | 0700 0083 
  0x0000023ace72b92c: ff00 0f84 | 4402 0000 | 4c89 4424 | 4048 8954 

  0x0000023ace72b93c: ;   {metadata(method data for {method} {0x0000000800063690} 'doPrivileged' '(Ljava/security/PrivilegedAction;Ljava/security/AccessControlContext;)Ljava/lang/Object;' in 'java/security/AccessController')}
  0x0000023ace72b93c: 2448 48be | 4064 10e6 | 3a02 0000 | 4883 8610 | 0100 0001 | 0f1f 8000 

  0x0000023ace72b954: ;   {static_call}
  0x0000023ace72b954: 0000 00e8 

  0x0000023ace72b958: ; ImmutableOopMap {[64]=Oop [72]=Oop }
                      ;*invokestatic getCallerClass {reexecute=0 rethrow=0 return_oop=0}
                      ; - java.security.AccessController::doPrivileged@0 (line 397)
  0x0000023ace72b958: 84df 7c07 

  0x0000023ace72b95c: ;   {metadata(method data for {method} {0x0000000800063690} 'doPrivileged' '(Ljava/security/PrivilegedAction;Ljava/security/AccessControlContext;)Ljava/lang/Object;' in 'java/security/AccessController')}
  0x0000023ace72b95c: 48ba 4064 | 10e6 3a02 | 0000 4883 | 8220 0100 | 0001 488b | 5424 404c | 8bc0 4889 | 4424 500f 
  0x0000023ace72b97c: ;   {static_call}
  0x0000023ace72b97c: 1f40 00e8 

  0x0000023ace72b980: ; ImmutableOopMap {[72]=Oop [80]=Oop }
                      ;*invokestatic checkContext {reexecute=0 rethrow=0 return_oop=0}
                      ; - java.security.AccessController::doPrivileged@6 (line 398)
  0x0000023ace72b980: bc6a 0100 | 4889 4424 

  0x0000023ace72b988: ;   {metadata(method data for {method} {0x0000000800063690} 'doPrivileged' '(Ljava/security/PrivilegedAction;Ljava/security/AccessControlContext;)Ljava/lang/Object;' in 'java/security/AccessController')}
  0x0000023ace72b988: 5848 ba40 | 6410 e63a | 0200 0048 | 8382 3001 

  0x0000023ace72b998: ;   {metadata(method data for {method} {0x00000008000633c0} 'executePrivileged' '(Ljava/security/PrivilegedAction;Ljava/security/AccessControlContext;Ljava/lang/Class;)Ljava/lang/Object;' in 'java/security/AccessController')}
  0x0000023ace72b998: 0000 0148 | ba88 2c54 | e53a 0200 | 008b b2cc | 0000 0083 | c602 89b2 | cc00 0000 | 81e6 feff 
  0x0000023ace72b9b8: 1f00 83fe | 000f 84d6 | 0100 0048 

  0x0000023ace72b9c4: ;   {metadata(method data for {method} {0x00000008000633c0} 'executePrivileged' '(Ljava/security/PrivilegedAction;Ljava/security/AccessControlContext;Ljava/lang/Class;)Ljava/lang/Object;' in 'java/security/AccessController')}
  0x0000023ace72b9c4: 83f8 0048 | ba88 2c54 | e53a 0200 | 0048 be10 | 0100 0000 | 0000 000f | 840a 0000 | 0048 be20 
  0x0000023ace72b9e4: 0100 0000 | 0000 0048 | 8b3c 3248 | 8d7f 0148 | 893c 320f | 841f 0000 

  0x0000023ace72b9fc: ;   {metadata(method data for {method} {0x00000008000633c0} 'executePrivileged' '(Ljava/security/PrivilegedAction;Ljava/security/AccessControlContext;Ljava/lang/Class;)Ljava/lang/Object;' in 'java/security/AccessController')}
  0x0000023ace72b9fc: 0048 ba88 | 2c54 e53a | 0200 0048 | 8382 3001 | 0000 0148 | 8bd0 0f1f 

  0x0000023ace72ba14: ;   {static_call}
  0x0000023ace72ba14: 4400 00e8 

  0x0000023ace72ba18: ; ImmutableOopMap {[72]=Oop [80]=Oop [88]=Oop }
                      ;*invokestatic ensureMaterializedForStackWalk {reexecute=0 rethrow=0 return_oop=0}
                      ; - java.security.AccessController::executePrivileged@5 (line 772)
                      ; - java.security.AccessController::doPrivileged@13 (line 399)
  0x0000023ace72ba18: 24de 8407 

  0x0000023ace72ba1c: ;   {metadata(method data for {method} {0x00000008000633c0} 'executePrivileged' '(Ljava/security/PrivilegedAction;Ljava/security/AccessControlContext;Ljava/lang/Class;)Ljava/lang/Object;' in 'java/security/AccessController')}
  0x0000023ace72ba1c: 48ba 882c | 54e5 3a02 | 0000 ff82 | 4001 0000 | 488b 5424 | 4848 3b02 

  0x0000023ace72ba34: ;   {metadata(method data for {method} {0x00000008000633c0} 'executePrivileged' '(Ljava/security/PrivilegedAction;Ljava/security/AccessControlContext;Ljava/lang/Class;)Ljava/lang/Object;' in 'java/security/AccessController')}
  0x0000023ace72ba34: 488b f248 | bf88 2c54 | e53a 0200 | 008b 7608 | 49ba 0000 | 0000 0800 | 0000 4903 | f248 3bb7 
  0x0000023ace72ba54: b001 0000 | 750d 4883 | 87b8 0100 | 0001 e966 | 0000 0048 | 3bb7 c001 | 0000 750d | 4883 87c8 
  0x0000023ace72ba74: 0100 0001 | e950 0000 | 0048 81bf | b001 0000 | 0000 0000 | 7517 4889 | b7b0 0100 | 0048 c787 
  0x0000023ace72ba94: b801 0000 | 0100 0000 | e92c 0000 | 0048 81bf | c001 0000 | 0000 0000 | 7517 4889 | b7c0 0100 
  0x0000023ace72bab4: 0048 c787 | c801 0000 | 0100 0000 | e908 0000 | 0048 8387 | a001 0000 | 0148 b840 | 43d8 ea3a 
  0x0000023ace72bad4: ;   {virtual_call}
  0x0000023ace72bad4: 0200 00e8 

  0x0000023ace72bad8: ; ImmutableOopMap {[80]=Oop [88]=Oop }
                      ;*invokeinterface run {reexecute=0 rethrow=0 return_oop=0}
                      ; - java.security.AccessController::executePrivileged@29 (line 776)
                      ; - java.security.AccessController::doPrivileged@13 (line 399)
  0x0000023ace72bad8: 34d6 3007 

  0x0000023ace72badc: ;   {metadata(method data for {method} {0x00000008000633c0} 'executePrivileged' '(Ljava/security/PrivilegedAction;Ljava/security/AccessControlContext;Ljava/lang/Class;)Ljava/lang/Object;' in 'java/security/AccessController')}
  0x0000023ace72badc: 48be 882c | 54e5 3a02 | 0000 ff86 | d801 0000 | 488b 7424 

  0x0000023ace72baf0: ;   {metadata(method data for {method} {0x00000008000633c0} 'executePrivileged' '(Ljava/security/PrivilegedAction;Ljava/security/AccessControlContext;Ljava/lang/Class;)Ljava/lang/Object;' in 'java/security/AccessController')}
  0x0000023ace72baf0: 5048 bf88 | 2c54 e53a | 0200 0048 | 8387 3802 

  0x0000023ace72bb00: ;   {metadata(method data for {method} {0x00000008000462d8} 'reachabilityFence' '(Ljava/lang/Object;)V' in 'java/lang/ref/Reference')}
  0x0000023ace72bb00: 0000 0148 | bfc0 0e4a | e53a 0200 | 008b 9fcc | 0000 0083 | c302 899f | cc00 0000 | 81e3 feff 
  0x0000023ace72bb20: 1f00 83fb | 000f 8494 

  0x0000023ace72bb28: ;   {metadata(method data for {method} {0x00000008000633c0} 'executePrivileged' '(Ljava/security/PrivilegedAction;Ljava/security/AccessControlContext;Ljava/lang/Class;)Ljava/lang/Object;' in 'java/security/AccessController')}
  0x0000023ace72bb28: 0000 0048 | be88 2c54 | e53a 0200 | 0048 8386 | 4802 0000 

  0x0000023ace72bb3c: ;   {metadata(method data for {method} {0x00000008000462d8} 'reachabilityFence' '(Ljava/lang/Object;)V' in 'java/lang/ref/Reference')}
  0x0000023ace72bb3c: 0148 bec0 | 0e4a e53a | 0200 008b | becc 0000 | 0083 c702 | 89be cc00 | 0000 81e7 | feff 1f00 
  0x0000023ace72bb5c: 83ff 000f | 847b 0000 | 0048 83c4 

  0x0000023ace72bb68: ;   {poll_return}
  0x0000023ace72bb68: 705d 493b | a778 0300 | 000f 878a | 0000 00c3 

  0x0000023ace72bb78: ;   {metadata({method} {0x0000000800063690} 'doPrivileged' '(Ljava/security/PrivilegedAction;Ljava/security/AccessControlContext;)Ljava/lang/Object;' in 'java/security/AccessController')}
  0x0000023ace72bb78: 49ba 8836 | 0600 0800 | 0000 4c89 | 5424 0848 | c704 24ff 

  0x0000023ace72bb8c: ;   {runtime_call counter_overflow Runtime1 stub}
  0x0000023ace72bb8c: ffff ffe8 

  0x0000023ace72bb90: ; ImmutableOopMap {rdx=Oop r8=Oop }
                      ;*synchronization entry
                      ; - java.security.AccessController::doPrivileged@-1 (line 397)
  0x0000023ace72bb90: 6c4a 3007 | e99b fdff 

  0x0000023ace72bb98: ;   {metadata({method} {0x00000008000633c0} 'executePrivileged' '(Ljava/security/PrivilegedAction;Ljava/security/AccessControlContext;Ljava/lang/Class;)Ljava/lang/Object;' in 'java/security/AccessController')}
  0x0000023ace72bb98: ff49 bab8 | 3306 0008 | 0000 004c | 8954 2408 | 48c7 0424 | ffff ffff 

  0x0000023ace72bbb0: ;   {runtime_call counter_overflow Runtime1 stub}
  0x0000023ace72bbb0: e84b 4a30 

  0x0000023ace72bbb4: ; ImmutableOopMap {rax=Oop [72]=Oop [80]=Oop [88]=Oop }
                      ;*synchronization entry
                      ; - java.security.AccessController::executePrivileged@-1 (line 771)
                      ; - java.security.AccessController::doPrivileged@13 (line 399)
  0x0000023ace72bbb4: 07e9 09fe 

  0x0000023ace72bbb8: ;   {runtime_call throw_null_pointer_exception Runtime1 stub}
  0x0000023ace72bbb8: ffff e861 

  0x0000023ace72bbbc: ; ImmutableOopMap {rdx=Oop [80]=Oop [88]=Oop }
                      ;*invokeinterface run {reexecute=0 rethrow=0 return_oop=0}
                      ; - java.security.AccessController::executePrivileged@29 (line 776)
                      ; - java.security.AccessController::doPrivileged@13 (line 399)
                      ;   {metadata({method} {0x00000008000462d8} 'reachabilityFence' '(Ljava/lang/Object;)V' in 'java/lang/ref/Reference')}
  0x0000023ace72bbbc: d82f 0749 | bad0 6204 | 0008 0000 | 004c 8954 | 2408 48c7 | 0424 ffff 

  0x0000023ace72bbd4: ;   {runtime_call counter_overflow Runtime1 stub}
  0x0000023ace72bbd4: ffff e825 

  0x0000023ace72bbd8: ; ImmutableOopMap {rax=Oop rsi=Oop }
                      ;*synchronization entry
                      ; - java.lang.ref.Reference::reachabilityFence@-1 (line 627)
                      ; - java.security.AccessController::executePrivileged@56 (line 781)
                      ; - java.security.AccessController::doPrivileged@13 (line 399)
  0x0000023ace72bbd8: 4a30 07e9 | 4bff ffff 

  0x0000023ace72bbe0: ;   {metadata({method} {0x00000008000462d8} 'reachabilityFence' '(Ljava/lang/Object;)V' in 'java/lang/ref/Reference')}
  0x0000023ace72bbe0: 49ba d062 | 0400 0800 | 0000 4c89 | 5424 0848 | c704 24ff 

  0x0000023ace72bbf4: ;   {runtime_call counter_overflow Runtime1 stub}
  0x0000023ace72bbf4: ffff ffe8 

  0x0000023ace72bbf8: ; ImmutableOopMap {rax=Oop }
                      ;*synchronization entry
                      ; - java.lang.ref.Reference::reachabilityFence@-1 (line 627)
                      ; - java.security.AccessController::executePrivileged@60 (line 782)
                      ; - java.security.AccessController::doPrivileged@13 (line 399)
  0x0000023ace72bbf8: 044a 3007 | e964 ffff 

  0x0000023ace72bc00: ;   {internal_word}
  0x0000023ace72bc00: ff49 ba6a | bb72 ce3a | 0200 004d | 8997 9003 

  0x0000023ace72bc10: ;   {runtime_call SafepointBlob}
  0x0000023ace72bc10: 0000 e9e9 | c125 0749 | 8b87 2004 | 0000 49c7 | 8720 0400 | 0000 0000 | 0049 c787 | 2804 0000 
  0x0000023ace72bc30: 0000 0000 | 4883 c470 

  0x0000023ace72bc38: ;   {runtime_call unwind_exception Runtime1 stub}
  0x0000023ace72bc38: 5de9 c2c8 | 2f07 f4f4 
[Stub Code]
  0x0000023ace72bc40: ;   {no_reloc}
  0x0000023ace72bc40: 0f1f 4400 

  0x0000023ace72bc44: ;   {static_stub}
  0x0000023ace72bc44: 0048 bb00 | 0000 0000 

  0x0000023ace72bc4c: ;   {runtime_call}
  0x0000023ace72bc4c: 0000 00e9 | fbff ffff 

  0x0000023ace72bc54: ;   {static_stub}
  0x0000023ace72bc54: 9048 bbc0 | 3906 0008 

  0x0000023ace72bc5c: ;   {runtime_call I2C/C2I adapters}
  0x0000023ace72bc5c: 0000 00e9 | f9ad 2507 

  0x0000023ace72bc64: ;   {static_stub}
  0x0000023ace72bc64: 9048 bb00 | 0000 0000 

  0x0000023ace72bc6c: ;   {runtime_call}
  0x0000023ace72bc6c: 0000 00e9 | fbff ffff 

  0x0000023ace72bc74: ;   {static_stub}
  0x0000023ace72bc74: 9048 bb00 | 0000 0000 

  0x0000023ace72bc7c: ;   {runtime_call}
  0x0000023ace72bc7c: 0000 00e9 | fbff ffff 
[Exception Handler]
  0x0000023ace72bc84: ;   {runtime_call handle_exception_from_callee Runtime1 stub}
  0x0000023ace72bc84: e877 0430 

  0x0000023ace72bc88: ;   {external_word}
  0x0000023ace72bc88: 0748 b918 | 4930 6dfe | 7f00 0048 

  0x0000023ace72bc94: ;   {runtime_call}
  0x0000023ace72bc94: 83e4 f049 | bab0 f8fb | 6cfe 7f00 | 0041 ffd2 

  0x0000023ace72bca4: ;   {section_word}
  0x0000023ace72bca4: f449 baa5 | bc72 ce3a | 0200 0041 

  0x0000023ace72bcb0: ;   {runtime_call DeoptimizationBlob}
  0x0000023ace72bcb0: 52e9 eab3 | 2507 f4f4 
[/MachCode]


---------------  P R O C E S S  ---------------

Threads class SMR info:
_java_thread_list=0x0000023aea8c0900, length=21, elements={
0x0000023ac4c62db0, 0x0000023ae52a27a0, 0x0000023ae52a3270, 0x0000023ae52a4740,
0x0000023ae52a5070, 0x0000023ae52a5ce0, 0x0000023ae52a8760, 0x0000023ae52ad630,
0x0000023ae52c30b0, 0x0000023ae52ca540, 0x0000023ae52c8560, 0x0000023ae52c8ab0,
0x0000023ae52c9000, 0x0000023ae52c9aa0, 0x0000023ae52c7020, 0x0000023ae52c9ff0,
0x0000023ae52c7ac0, 0x0000023aea4f49f0, 0x0000023aea4f24c0, 0x0000023aea4efa40,
0x0000023ae52c5210
}

Java Threads: ( => current thread )
  0x0000023ac4c62db0 JavaThread "main" [_thread_blocked, id=17212, stack(0x000000d010c00000,0x000000d010d00000)]
  0x0000023ae52a27a0 JavaThread "Reference Handler" daemon [_thread_blocked, id=13140, stack(0x000000d011300000,0x000000d011400000)]
  0x0000023ae52a3270 JavaThread "Finalizer" daemon [_thread_blocked, id=3036, stack(0x000000d011400000,0x000000d011500000)]
  0x0000023ae52a4740 JavaThread "Signal Dispatcher" daemon [_thread_blocked, id=10012, stack(0x000000d011500000,0x000000d011600000)]
  0x0000023ae52a5070 JavaThread "Attach Listener" daemon [_thread_blocked, id=17044, stack(0x000000d011600000,0x000000d011700000)]
  0x0000023ae52a5ce0 JavaThread "Service Thread" daemon [_thread_blocked, id=3568, stack(0x000000d011700000,0x000000d011800000)]
  0x0000023ae52a8760 JavaThread "Monitor Deflation Thread" daemon [_thread_blocked, id=10400, stack(0x000000d011800000,0x000000d011900000)]
  0x0000023ae52ad630 JavaThread "C2 CompilerThread0" daemon [_thread_blocked, id=14732, stack(0x000000d011900000,0x000000d011a00000)]
  0x0000023ae52c30b0 JavaThread "C1 CompilerThread0" daemon [_thread_blocked, id=8916, stack(0x000000d011a00000,0x000000d011b00000)]
  0x0000023ae52ca540 JavaThread "Sweeper thread" daemon [_thread_blocked, id=14724, stack(0x000000d011b00000,0x000000d011c00000)]
  0x0000023ae52c8560 JavaThread "Common-Cleaner" daemon [_thread_blocked, id=13164, stack(0x000000d011c00000,0x000000d011d00000)]
  0x0000023ae52c8ab0 JavaThread "Monitor Ctrl-Break" daemon [_thread_in_native, id=996, stack(0x000000d011f00000,0x000000d012000000)]
  0x0000023ae52c9000 JavaThread "Notification Thread" daemon [_thread_blocked, id=15376, stack(0x000000d012000000,0x000000d012100000)]
  0x0000023ae52c9aa0 JavaThread "QuantumRenderer-0" daemon [_thread_blocked, id=14524, stack(0x000000d012200000,0x000000d012300000)]
  0x0000023ae52c7020 JavaThread "InvokeLaterDispatcher" daemon [_thread_blocked, id=1908, stack(0x000000d012300000,0x000000d012400000)]
=>0x0000023ae52c9ff0 JavaThread "JavaFX Application Thread" [_thread_in_native, id=12176, stack(0x000000d012400000,0x000000d012500000)]
  0x0000023ae52c7ac0 JavaThread "JavaFX-Launcher" [_thread_blocked, id=10872, stack(0x000000d012900000,0x000000d012a00000)]
  0x0000023aea4f49f0 JavaThread "Thread-2" daemon [_thread_in_native, id=13528, stack(0x000000d012800000,0x000000d012900000)]
  0x0000023aea4f24c0 JavaThread "Prism Font Disposer" daemon [_thread_blocked, id=7708, stack(0x000000d013200000,0x000000d013300000)]
  0x0000023aea4efa40 JavaThread "Cleaner-0" daemon [_thread_blocked, id=12876, stack(0x000000d013300000,0x000000d013400000)]
  0x0000023ae52c5210 JavaThread "C2 CompilerThread1" daemon [_thread_blocked, id=5352, stack(0x000000d013400000,0x000000d013500000)]

Other Threads:
  0x0000023ae528ba00 VMThread "VM Thread" [stack: 0x000000d011200000,0x000000d011300000] [id=2508]
  0x0000023ae9cb0250 WatcherThread "VM Periodic Task Thread" [stack: 0x000000d012100000,0x000000d012200000] [id=2592]
  0x0000023ac4cbb4e0 WorkerThread "GC Thread#0" [stack: 0x000000d010d00000,0x000000d010e00000] [id=12272]
  0x0000023aea5480f0 WorkerThread "GC Thread#1" [stack: 0x000000d012a00000,0x000000d012b00000] [id=10496]
  0x0000023aea4519b0 WorkerThread "GC Thread#2" [stack: 0x000000d012b00000,0x000000d012c00000] [id=8828]
  0x0000023aea4528a0 WorkerThread "GC Thread#3" [stack: 0x000000d012c00000,0x000000d012d00000] [id=10128]
  0x0000023aea5af080 WorkerThread "GC Thread#4" [stack: 0x000000d012d00000,0x000000d012e00000] [id=6164]
  0x0000023aea5afbc0 WorkerThread "GC Thread#5" [stack: 0x000000d012e00000,0x000000d012f00000] [id=5616]
  0x0000023aea5af620 WorkerThread "GC Thread#6" [stack: 0x000000d011d00000,0x000000d011e00000] [id=15216]
  0x0000023aea5b0700 WorkerThread "GC Thread#7" [stack: 0x000000d011e00000,0x000000d011f00000] [id=11548]
  0x0000023ac4ccbbb0 ConcurrentGCThread "G1 Main Marker" [stack: 0x000000d010e00000,0x000000d010f00000] [id=7024]
  0x0000023ac4ccdd90 WorkerThread "G1 Conc#0" [stack: 0x000000d010f00000,0x000000d011000000] [id=13924]
  0x0000023ac4d2d080 ConcurrentGCThread "G1 Refine#0" [stack: 0x000000d011000000,0x000000d011100000] [id=8704]
  0x0000023ac4d2ea70 ConcurrentGCThread "G1 Service" [stack: 0x000000d011100000,0x000000d011200000] [id=11872]

Threads with active compile tasks:

VM state: not at safepoint (normal execution)

VM Mutex/Monitor currently owned by a thread: None

Heap address: 0x0000000084200000, size: 1982 MB, Compressed Oops mode: 32-bit

CDS archive(s) mapped at: [0x0000000800000000-0x0000000800c40000-0x0000000800c40000), size 12845056, SharedBaseAddress: 0x0000000800000000, ArchiveRelocationMode: 0.
Compressed class space mapped at: 0x0000000801000000-0x0000000841000000, reserved size: 1073741824
Narrow klass base: 0x0000000800000000, Narrow klass shift: 0, Narrow klass range: 0x100000000

GC Precious Log:
 CardTable entry size: 512
 Card Set container configuration: InlinePtr #cards 5 size 8 Array Of Cards #cards 12 size 40 Howl #buckets 4 coarsen threshold 1843 Howl Bitmap #cards 512 size 80 coarsen threshold 460 Card regions per heap region 1 cards per card region 2048
 CPUs: 8 total, 8 available
 Memory: 7926M
 Large Page Support: Disabled
 NUMA Support: Disabled
 Compressed Oops: Enabled (32-bit)
 Heap Region Size: 1M
 Heap Min Capacity: 8M
 Heap Initial Capacity: 124M
 Heap Max Capacity: 1982M
 Pre-touch: Disabled
 Parallel Workers: 8
 Concurrent Workers: 2
 Concurrent Refinement Workers: 8
 Periodic GC: Disabled

Heap:
 garbage-first heap   total 126976K, used 22675K [0x0000000084200000, 0x0000000100000000)
  region size 1024K, 18 young (18432K), 5 survivors (5120K)
 Metaspace       used 17719K, committed 18048K, reserved 1114112K
  class space    used 2606K, committed 2752K, reserved 1048576K

Heap Regions: E=young(eden), S=young(survivor), O=old, HS=humongous(starts), HC=humongous(continues), CS=collection set, F=free, OA=open archive, CA=closed archive, TAMS=top-at-mark-start (previous, next)
|   0|0x0000000084200000, 0x0000000084300000, 0x0000000084300000|100%|HS|  |TAMS 0x0000000084200000, 0x0000000084200000| Complete 
|   1|0x0000000084300000, 0x0000000084400000, 0x0000000084400000|100%|HS|  |TAMS 0x0000000084300000, 0x0000000084300000| Complete 
|   2|0x0000000084400000, 0x0000000084500000, 0x0000000084500000|100%|HC|  |TAMS 0x0000000084400000, 0x0000000084400000| Complete 
|   3|0x0000000084500000, 0x0000000084600000, 0x0000000084600000|100%| O|  |TAMS 0x0000000084500000, 0x0000000084500000| Untracked 
|   4|0x0000000084600000, 0x0000000084700000, 0x0000000084700000|100%| O|  |TAMS 0x0000000084600000, 0x0000000084600000| Untracked 
|   5|0x0000000084700000, 0x00000000847c1a00, 0x0000000084800000| 75%| O|  |TAMS 0x0000000084700000, 0x0000000084700000| Untracked 
|   6|0x0000000084800000, 0x0000000084800000, 0x0000000084900000|  0%| F|  |TAMS 0x0000000084800000, 0x0000000084800000| Untracked 
|   7|0x0000000084900000, 0x0000000084900000, 0x0000000084a00000|  0%| F|  |TAMS 0x0000000084900000, 0x0000000084900000| Untracked 
|   8|0x0000000084a00000, 0x0000000084a00000, 0x0000000084b00000|  0%| F|  |TAMS 0x0000000084a00000, 0x0000000084a00000| Untracked 
|   9|0x0000000084b00000, 0x0000000084b00000, 0x0000000084c00000|  0%| F|  |TAMS 0x0000000084b00000, 0x0000000084b00000| Untracked 
|  10|0x0000000084c00000, 0x0000000084c00000, 0x0000000084d00000|  0%| F|  |TAMS 0x0000000084c00000, 0x0000000084c00000| Untracked 
|  11|0x0000000084d00000, 0x0000000084d00000, 0x0000000084e00000|  0%| F|  |TAMS 0x0000000084d00000, 0x0000000084d00000| Untracked 
|  12|0x0000000084e00000, 0x0000000084e00000, 0x0000000084f00000|  0%| F|  |TAMS 0x0000000084e00000, 0x0000000084e00000| Untracked 
|  13|0x0000000084f00000, 0x0000000084f00000, 0x0000000085000000|  0%| F|  |TAMS 0x0000000084f00000, 0x0000000084f00000| Untracked 
|  14|0x0000000085000000, 0x0000000085000000, 0x0000000085100000|  0%| F|  |TAMS 0x0000000085000000, 0x0000000085000000| Untracked 
|  15|0x0000000085100000, 0x0000000085100000, 0x0000000085200000|  0%| F|  |TAMS 0x0000000085100000, 0x0000000085100000| Untracked 
|  16|0x0000000085200000, 0x0000000085200000, 0x0000000085300000|  0%| F|  |TAMS 0x0000000085200000, 0x0000000085200000| Untracked 
|  17|0x0000000085300000, 0x0000000085300000, 0x0000000085400000|  0%| F|  |TAMS 0x0000000085300000, 0x0000000085300000| Untracked 
|  18|0x0000000085400000, 0x0000000085400000, 0x0000000085500000|  0%| F|  |TAMS 0x0000000085400000, 0x0000000085400000| Untracked 
|  19|0x0000000085500000, 0x0000000085500000, 0x0000000085600000|  0%| F|  |TAMS 0x0000000085500000, 0x0000000085500000| Untracked 
|  20|0x0000000085600000, 0x0000000085600000, 0x0000000085700000|  0%| F|  |TAMS 0x0000000085600000, 0x0000000085600000| Untracked 
|  21|0x0000000085700000, 0x0000000085700000, 0x0000000085800000|  0%| F|  |TAMS 0x0000000085700000, 0x0000000085700000| Untracked 
|  22|0x0000000085800000, 0x0000000085800000, 0x0000000085900000|  0%| F|  |TAMS 0x0000000085800000, 0x0000000085800000| Untracked 
|  23|0x0000000085900000, 0x0000000085900000, 0x0000000085a00000|  0%| F|  |TAMS 0x0000000085900000, 0x0000000085900000| Untracked 
|  24|0x0000000085a00000, 0x0000000085a00000, 0x0000000085b00000|  0%| F|  |TAMS 0x0000000085a00000, 0x0000000085a00000| Untracked 
|  25|0x0000000085b00000, 0x0000000085b00000, 0x0000000085c00000|  0%| F|  |TAMS 0x0000000085b00000, 0x0000000085b00000| Untracked 
|  26|0x0000000085c00000, 0x0000000085c00000, 0x0000000085d00000|  0%| F|  |TAMS 0x0000000085c00000, 0x0000000085c00000| Untracked 
|  27|0x0000000085d00000, 0x0000000085d00000, 0x0000000085e00000|  0%| F|  |TAMS 0x0000000085d00000, 0x0000000085d00000| Untracked 
|  28|0x0000000085e00000, 0x0000000085e00000, 0x0000000085f00000|  0%| F|  |TAMS 0x0000000085e00000, 0x0000000085e00000| Untracked 
|  29|0x0000000085f00000, 0x0000000085f00000, 0x0000000086000000|  0%| F|  |TAMS 0x0000000085f00000, 0x0000000085f00000| Untracked 
|  30|0x0000000086000000, 0x0000000086000000, 0x0000000086100000|  0%| F|  |TAMS 0x0000000086000000, 0x0000000086000000| Untracked 
|  31|0x0000000086100000, 0x0000000086100000, 0x0000000086200000|  0%| F|  |TAMS 0x0000000086100000, 0x0000000086100000| Untracked 
|  32|0x0000000086200000, 0x0000000086200000, 0x0000000086300000|  0%| F|  |TAMS 0x0000000086200000, 0x0000000086200000| Untracked 
|  33|0x0000000086300000, 0x0000000086300000, 0x0000000086400000|  0%| F|  |TAMS 0x0000000086300000, 0x0000000086300000| Untracked 
|  34|0x0000000086400000, 0x0000000086400000, 0x0000000086500000|  0%| F|  |TAMS 0x0000000086400000, 0x0000000086400000| Untracked 
|  35|0x0000000086500000, 0x0000000086500000, 0x0000000086600000|  0%| F|  |TAMS 0x0000000086500000, 0x0000000086500000| Untracked 
|  36|0x0000000086600000, 0x0000000086600000, 0x0000000086700000|  0%| F|  |TAMS 0x0000000086600000, 0x0000000086600000| Untracked 
|  37|0x0000000086700000, 0x0000000086700000, 0x0000000086800000|  0%| F|  |TAMS 0x0000000086700000, 0x0000000086700000| Untracked 
|  38|0x0000000086800000, 0x0000000086800000, 0x0000000086900000|  0%| F|  |TAMS 0x0000000086800000, 0x0000000086800000| Untracked 
|  39|0x0000000086900000, 0x0000000086900000, 0x0000000086a00000|  0%| F|  |TAMS 0x0000000086900000, 0x0000000086900000| Untracked 
|  40|0x0000000086a00000, 0x0000000086a00000, 0x0000000086b00000|  0%| F|  |TAMS 0x0000000086a00000, 0x0000000086a00000| Untracked 
|  41|0x0000000086b00000, 0x0000000086b00000, 0x0000000086c00000|  0%| F|  |TAMS 0x0000000086b00000, 0x0000000086b00000| Untracked 
|  42|0x0000000086c00000, 0x0000000086c00000, 0x0000000086d00000|  0%| F|  |TAMS 0x0000000086c00000, 0x0000000086c00000| Untracked 
|  43|0x0000000086d00000, 0x0000000086d00000, 0x0000000086e00000|  0%| F|  |TAMS 0x0000000086d00000, 0x0000000086d00000| Untracked 
|  44|0x0000000086e00000, 0x0000000086e00000, 0x0000000086f00000|  0%| F|  |TAMS 0x0000000086e00000, 0x0000000086e00000| Untracked 
|  45|0x0000000086f00000, 0x0000000086f00000, 0x0000000087000000|  0%| F|  |TAMS 0x0000000086f00000, 0x0000000086f00000| Untracked 
|  46|0x0000000087000000, 0x0000000087000000, 0x0000000087100000|  0%| F|  |TAMS 0x0000000087000000, 0x0000000087000000| Untracked 
|  47|0x0000000087100000, 0x0000000087100000, 0x0000000087200000|  0%| F|  |TAMS 0x0000000087100000, 0x0000000087100000| Untracked 
|  48|0x0000000087200000, 0x0000000087200000, 0x0000000087300000|  0%| F|  |TAMS 0x0000000087200000, 0x0000000087200000| Untracked 
|  49|0x0000000087300000, 0x0000000087300000, 0x0000000087400000|  0%| F|  |TAMS 0x0000000087300000, 0x0000000087300000| Untracked 
|  50|0x0000000087400000, 0x0000000087400000, 0x0000000087500000|  0%| F|  |TAMS 0x0000000087400000, 0x0000000087400000| Untracked 
|  51|0x0000000087500000, 0x0000000087500000, 0x0000000087600000|  0%| F|  |TAMS 0x0000000087500000, 0x0000000087500000| Untracked 
|  52|0x0000000087600000, 0x0000000087600000, 0x0000000087700000|  0%| F|  |TAMS 0x0000000087600000, 0x0000000087600000| Untracked 
|  53|0x0000000087700000, 0x0000000087700000, 0x0000000087800000|  0%| F|  |TAMS 0x0000000087700000, 0x0000000087700000| Untracked 
|  54|0x0000000087800000, 0x0000000087800000, 0x0000000087900000|  0%| F|  |TAMS 0x0000000087800000, 0x0000000087800000| Untracked 
|  55|0x0000000087900000, 0x0000000087900000, 0x0000000087a00000|  0%| F|  |TAMS 0x0000000087900000, 0x0000000087900000| Untracked 
|  56|0x0000000087a00000, 0x0000000087a00000, 0x0000000087b00000|  0%| F|  |TAMS 0x0000000087a00000, 0x0000000087a00000| Untracked 
|  57|0x0000000087b00000, 0x0000000087b00000, 0x0000000087c00000|  0%| F|  |TAMS 0x0000000087b00000, 0x0000000087b00000| Untracked 
|  58|0x0000000087c00000, 0x0000000087c00000, 0x0000000087d00000|  0%| F|  |TAMS 0x0000000087c00000, 0x0000000087c00000| Untracked 
|  59|0x0000000087d00000, 0x0000000087d00000, 0x0000000087e00000|  0%| F|  |TAMS 0x0000000087d00000, 0x0000000087d00000| Untracked 
|  60|0x0000000087e00000, 0x0000000087e00000, 0x0000000087f00000|  0%| F|  |TAMS 0x0000000087e00000, 0x0000000087e00000| Untracked 
|  61|0x0000000087f00000, 0x0000000087f00000, 0x0000000088000000|  0%| F|  |TAMS 0x0000000087f00000, 0x0000000087f00000| Untracked 
|  62|0x0000000088000000, 0x0000000088000000, 0x0000000088100000|  0%| F|  |TAMS 0x0000000088000000, 0x0000000088000000| Untracked 
|  63|0x0000000088100000, 0x0000000088100000, 0x0000000088200000|  0%| F|  |TAMS 0x0000000088100000, 0x0000000088100000| Untracked 
|  64|0x0000000088200000, 0x0000000088200000, 0x0000000088300000|  0%| F|  |TAMS 0x0000000088200000, 0x0000000088200000| Untracked 
|  65|0x0000000088300000, 0x0000000088300000, 0x0000000088400000|  0%| F|  |TAMS 0x0000000088300000, 0x0000000088300000| Untracked 
|  66|0x0000000088400000, 0x0000000088400000, 0x0000000088500000|  0%| F|  |TAMS 0x0000000088400000, 0x0000000088400000| Untracked 
|  67|0x0000000088500000, 0x0000000088500000, 0x0000000088600000|  0%| F|  |TAMS 0x0000000088500000, 0x0000000088500000| Untracked 
|  68|0x0000000088600000, 0x0000000088600000, 0x0000000088700000|  0%| F|  |TAMS 0x0000000088600000, 0x0000000088600000| Untracked 
|  69|0x0000000088700000, 0x0000000088700000, 0x0000000088800000|  0%| F|  |TAMS 0x0000000088700000, 0x0000000088700000| Untracked 
|  70|0x0000000088800000, 0x0000000088800000, 0x0000000088900000|  0%| F|  |TAMS 0x0000000088800000, 0x0000000088800000| Untracked 
|  71|0x0000000088900000, 0x0000000088900000, 0x0000000088a00000|  0%| F|  |TAMS 0x0000000088900000, 0x0000000088900000| Untracked 
|  72|0x0000000088a00000, 0x0000000088a00000, 0x0000000088b00000|  0%| F|  |TAMS 0x0000000088a00000, 0x0000000088a00000| Untracked 
|  73|0x0000000088b00000, 0x0000000088b00000, 0x0000000088c00000|  0%| F|  |TAMS 0x0000000088b00000, 0x0000000088b00000| Untracked 
|  74|0x0000000088c00000, 0x0000000088c00000, 0x0000000088d00000|  0%| F|  |TAMS 0x0000000088c00000, 0x0000000088c00000| Untracked 
|  75|0x0000000088d00000, 0x0000000088d00000, 0x0000000088e00000|  0%| F|  |TAMS 0x0000000088d00000, 0x0000000088d00000| Untracked 
|  76|0x0000000088e00000, 0x0000000088e00000, 0x0000000088f00000|  0%| F|  |TAMS 0x0000000088e00000, 0x0000000088e00000| Untracked 
|  77|0x0000000088f00000, 0x0000000088f00000, 0x0000000089000000|  0%| F|  |TAMS 0x0000000088f00000, 0x0000000088f00000| Untracked 
|  78|0x0000000089000000, 0x0000000089000000, 0x0000000089100000|  0%| F|  |TAMS 0x0000000089000000, 0x0000000089000000| Untracked 
|  79|0x0000000089100000, 0x0000000089100000, 0x0000000089200000|  0%| F|  |TAMS 0x0000000089100000, 0x0000000089100000| Untracked 
|  80|0x0000000089200000, 0x0000000089200000, 0x0000000089300000|  0%| F|  |TAMS 0x0000000089200000, 0x0000000089200000| Untracked 
|  81|0x0000000089300000, 0x0000000089300000, 0x0000000089400000|  0%| F|  |TAMS 0x0000000089300000, 0x0000000089300000| Untracked 
|  82|0x0000000089400000, 0x0000000089400000, 0x0000000089500000|  0%| F|  |TAMS 0x0000000089400000, 0x0000000089400000| Untracked 
|  83|0x0000000089500000, 0x0000000089563340, 0x0000000089600000| 38%| S|CS|TAMS 0x0000000089500000, 0x0000000089500000| Complete 
|  84|0x0000000089600000, 0x0000000089700000, 0x0000000089700000|100%| S|CS|TAMS 0x0000000089600000, 0x0000000089600000| Complete 
|  85|0x0000000089700000, 0x0000000089800000, 0x0000000089800000|100%| S|CS|TAMS 0x0000000089700000, 0x0000000089700000| Complete 
|  86|0x0000000089800000, 0x0000000089900000, 0x0000000089900000|100%| S|CS|TAMS 0x0000000089800000, 0x0000000089800000| Complete 
|  87|0x0000000089900000, 0x0000000089a00000, 0x0000000089a00000|100%| S|CS|TAMS 0x0000000089900000, 0x0000000089900000| Complete 
|  88|0x0000000089a00000, 0x0000000089a00000, 0x0000000089b00000|  0%| F|  |TAMS 0x0000000089a00000, 0x0000000089a00000| Untracked 
|  89|0x0000000089b00000, 0x0000000089b00000, 0x0000000089c00000|  0%| F|  |TAMS 0x0000000089b00000, 0x0000000089b00000| Untracked 
|  90|0x0000000089c00000, 0x0000000089c00000, 0x0000000089d00000|  0%| F|  |TAMS 0x0000000089c00000, 0x0000000089c00000| Untracked 
|  91|0x0000000089d00000, 0x0000000089d00000, 0x0000000089e00000|  0%| F|  |TAMS 0x0000000089d00000, 0x0000000089d00000| Untracked 
|  92|0x0000000089e00000, 0x0000000089e00000, 0x0000000089f00000|  0%| F|  |TAMS 0x0000000089e00000, 0x0000000089e00000| Untracked 
|  93|0x0000000089f00000, 0x0000000089f00000, 0x000000008a000000|  0%| F|  |TAMS 0x0000000089f00000, 0x0000000089f00000| Untracked 
|  94|0x000000008a000000, 0x000000008a000000, 0x000000008a100000|  0%| F|  |TAMS 0x000000008a000000, 0x000000008a000000| Untracked 
|  95|0x000000008a100000, 0x000000008a100000, 0x000000008a200000|  0%| F|  |TAMS 0x000000008a100000, 0x000000008a100000| Untracked 
|  96|0x000000008a200000, 0x000000008a200000, 0x000000008a300000|  0%| F|  |TAMS 0x000000008a200000, 0x000000008a200000| Untracked 
|  97|0x000000008a300000, 0x000000008a300000, 0x000000008a400000|  0%| F|  |TAMS 0x000000008a300000, 0x000000008a300000| Untracked 
|  98|0x000000008a400000, 0x000000008a400000, 0x000000008a500000|  0%| F|  |TAMS 0x000000008a400000, 0x000000008a400000| Untracked 
|  99|0x000000008a500000, 0x000000008a500000, 0x000000008a600000|  0%| F|  |TAMS 0x000000008a500000, 0x000000008a500000| Untracked 
| 100|0x000000008a600000, 0x000000008a600000, 0x000000008a700000|  0%| F|  |TAMS 0x000000008a600000, 0x000000008a600000| Untracked 
| 101|0x000000008a700000, 0x000000008a700000, 0x000000008a800000|  0%| F|  |TAMS 0x000000008a700000, 0x000000008a700000| Untracked 
| 102|0x000000008a800000, 0x000000008a800000, 0x000000008a900000|  0%| F|  |TAMS 0x000000008a800000, 0x000000008a800000| Untracked 
| 103|0x000000008a900000, 0x000000008a900000, 0x000000008aa00000|  0%| F|  |TAMS 0x000000008a900000, 0x000000008a900000| Untracked 
| 104|0x000000008aa00000, 0x000000008aa00000, 0x000000008ab00000|  0%| F|  |TAMS 0x000000008aa00000, 0x000000008aa00000| Untracked 
| 105|0x000000008ab00000, 0x000000008ab00000, 0x000000008ac00000|  0%| F|  |TAMS 0x000000008ab00000, 0x000000008ab00000| Untracked 
| 106|0x000000008ac00000, 0x000000008ac00000, 0x000000008ad00000|  0%| F|  |TAMS 0x000000008ac00000, 0x000000008ac00000| Untracked 
| 107|0x000000008ad00000, 0x000000008ad00000, 0x000000008ae00000|  0%| F|  |TAMS 0x000000008ad00000, 0x000000008ad00000| Untracked 
| 108|0x000000008ae00000, 0x000000008ae00000, 0x000000008af00000|  0%| F|  |TAMS 0x000000008ae00000, 0x000000008ae00000| Untracked 
| 109|0x000000008af00000, 0x000000008af00000, 0x000000008b000000|  0%| F|  |TAMS 0x000000008af00000, 0x000000008af00000| Untracked 
| 110|0x000000008b000000, 0x000000008b000000, 0x000000008b100000|  0%| F|  |TAMS 0x000000008b000000, 0x000000008b000000| Untracked 
| 111|0x000000008b100000, 0x000000008b200000, 0x000000008b200000|100%| E|  |TAMS 0x000000008b100000, 0x000000008b100000| Complete 
| 112|0x000000008b200000, 0x000000008b300000, 0x000000008b300000|100%| E|CS|TAMS 0x000000008b200000, 0x000000008b200000| Complete 
| 113|0x000000008b300000, 0x000000008b400000, 0x000000008b400000|100%| E|CS|TAMS 0x000000008b300000, 0x000000008b300000| Complete 
| 114|0x000000008b400000, 0x000000008b500000, 0x000000008b500000|100%| E|CS|TAMS 0x000000008b400000, 0x000000008b400000| Complete 
| 115|0x000000008b500000, 0x000000008b600000, 0x000000008b600000|100%| E|CS|TAMS 0x000000008b500000, 0x000000008b500000| Complete 
| 116|0x000000008b600000, 0x000000008b700000, 0x000000008b700000|100%| E|CS|TAMS 0x000000008b600000, 0x000000008b600000| Complete 
| 117|0x000000008b700000, 0x000000008b800000, 0x000000008b800000|100%| E|CS|TAMS 0x000000008b700000, 0x000000008b700000| Complete 
| 118|0x000000008b800000, 0x000000008b900000, 0x000000008b900000|100%| E|CS|TAMS 0x000000008b800000, 0x000000008b800000| Complete 
| 119|0x000000008b900000, 0x000000008ba00000, 0x000000008ba00000|100%| E|CS|TAMS 0x000000008b900000, 0x000000008b900000| Complete 
| 120|0x000000008ba00000, 0x000000008bb00000, 0x000000008bb00000|100%| E|CS|TAMS 0x000000008ba00000, 0x000000008ba00000| Complete 
| 121|0x000000008bb00000, 0x000000008bc00000, 0x000000008bc00000|100%| E|CS|TAMS 0x000000008bb00000, 0x000000008bb00000| Complete 
| 122|0x000000008bc00000, 0x000000008bd00000, 0x000000008bd00000|100%| E|CS|TAMS 0x000000008bc00000, 0x000000008bc00000| Complete 
| 123|0x000000008bd00000, 0x000000008be00000, 0x000000008be00000|100%| E|CS|TAMS 0x000000008bd00000, 0x000000008bd00000| Complete 

Card table byte_map: [0x0000023ade240000,0x0000023ade620000] _byte_map_base: 0x0000023adde1f000

Marking Bits (Prev, Next): (CMBitMap*) 0x0000023ac4cbb920, (CMBitMap*) 0x0000023ac4cbb960
 Prev Bits: [0x0000023adea00000, 0x0000023ae08f8000)
 Next Bits: [0x0000023ae0900000, 0x0000023ae27f8000)

Polling page: 0x0000023ac4d30000

Metaspace:

Usage:
  Non-class:     14.76 MB used.
      Class:      2.55 MB used.
       Both:     17.30 MB used.

Virtual space:
  Non-class space:       64.00 MB reserved,      14.94 MB ( 23%) committed,  1 nodes.
      Class space:        1.00 GB reserved,       2.69 MB ( <1%) committed,  1 nodes.
             Both:        1.06 GB reserved,      17.62 MB (  2%) committed. 

Chunk freelists:
   Non-Class:  352.00 KB
       Class:  1.27 MB
        Both:  1.61 MB

MaxMetaspaceSize: unlimited
CompressedClassSpaceSize: 1.00 GB
Initial GC threshold: 21.00 MB
Current GC threshold: 21.00 MB
CDS: on
MetaspaceReclaimPolicy: balanced
 - commit_granule_bytes: 65536.
 - commit_granule_words: 8192.
 - virtual_space_node_default_size: 8388608.
 - enlarge_chunks_in_place: 1.
 - new_chunks_are_fully_committed: 0.
 - uncommit_free_chunks: 1.
 - use_allocation_guard: 0.


Internal statistics:

num_allocs_failed_limit: 0.
num_arena_births: 384.
num_arena_deaths: 0.
num_vsnodes_births: 2.
num_vsnodes_deaths: 0.
num_space_committed: 282.
num_space_uncommitted: 0.
num_chunks_returned_to_freelist: 0.
num_chunks_taken_from_freelist: 914.
num_chunk_merges: 0.
num_chunk_splits: 660.
num_chunks_enlarged: 522.
num_inconsistent_stats: 0.

CodeHeap 'non-profiled nmethods': size=120000Kb used=1173Kb max_used=1173Kb free=118826Kb
 bounds [0x0000023ad5ec0000, 0x0000023ad6130000, 0x0000023add3f0000]
CodeHeap 'profiled nmethods': size=120000Kb used=5275Kb max_used=5275Kb free=114724Kb
 bounds [0x0000023ace3f0000, 0x0000023ace920000, 0x0000023ad5920000]
CodeHeap 'non-nmethods': size=5760Kb used=1536Kb max_used=1589Kb free=4223Kb
 bounds [0x0000023ad5920000, 0x0000023ad5b90000, 0x0000023ad5ec0000]
 total_blobs=3702 nmethods=2882 adapters=729
 compilation: enabled
              stopped_count=0, restarted_count=0
 full_count=0

Compilation events (20 events):
Event: 8.619 Thread 0x0000023ae52c30b0 2875       3       com.sun.javafx.css.PseudoClassState::remove (6 bytes)
Event: 8.619 Thread 0x0000023ae52c30b0 nmethod 2875 0x0000023ace914910 code [0x0000023ace914ac0, 0x0000023ace914c08]
Event: 8.619 Thread 0x0000023ae52c30b0 2876       3       com.sun.javafx.css.BitSet::remove (171 bytes)
Event: 8.619 Thread 0x0000023ae52c30b0 nmethod 2876 0x0000023ace914c90 code [0x0000023ace914ec0, 0x0000023ace915798]
Event: 8.622 Thread 0x0000023ae52c30b0 2877       1       javafx.scene.Node$FocusPropertyBase::set (6 bytes)
Event: 8.623 Thread 0x0000023ae52c30b0 nmethod 2877 0x0000023ad5fe4290 code [0x0000023ad5fe4420, 0x0000023ad5fe44f8]
Event: 8.629 Thread 0x0000023ae52c30b0 2878       1       java.nio.Buffer::capacity (5 bytes)
Event: 8.629 Thread 0x0000023ae52c30b0 nmethod 2878 0x0000023ad5fe4590 code [0x0000023ad5fe4720, 0x0000023ad5fe47d8]
Event: 8.629 Thread 0x0000023ae52c30b0 2879       3       java.nio.Buffer::clear (20 bytes)
Event: 8.629 Thread 0x0000023ae52ad630 2880       4       java.lang.StringLatin1::inflate (34 bytes)
Event: 8.629 Thread 0x0000023ae52c30b0 nmethod 2879 0x0000023ace915a10 code [0x0000023ace915ba0, 0x0000023ace915cb8]
Event: 8.629 Thread 0x0000023ae52c30b0 2881       3       java.nio.CharBuffer::arrayOffset (35 bytes)
Event: 8.629 Thread 0x0000023ae52c30b0 nmethod 2881 0x0000023ace915d90 code [0x0000023ace915f60, 0x0000023ace916238]
Event: 8.631 Thread 0x0000023ae52c30b0 2882       3       javafx.scene.Node::pseudoClassStateChanged (59 bytes)
Event: 8.631 Thread 0x0000023ae52c30b0 nmethod 2882 0x0000023ace916390 code [0x0000023ace916580, 0x0000023ace916a98]
Event: 8.632 Thread 0x0000023ae52c5210 2883       4       java.lang.invoke.DirectMethodHandle::allocateInstance (16 bytes)
Event: 8.634 Thread 0x0000023ae52ad630 nmethod 2880 0x0000023ad5fe4890 code [0x0000023ad5fe4a20, 0x0000023ad5fe4c38]
Event: 8.634 Thread 0x0000023ae52ad630 2884       4       java.lang.invoke.DirectMethodHandle::constructorMethod (10 bytes)
Event: 8.634 Thread 0x0000023ae52c5210 nmethod 2883 0x0000023ad5fe4d10 code [0x0000023ad5fe4ea0, 0x0000023ad5fe5038]
Event: 8.634 Thread 0x0000023ae52ad630 nmethod 2884 0x0000023ad5fe5190 code [0x0000023ad5fe5320, 0x0000023ad5fe53b8]

GC Heap History (4 events):
Event: 0.574 GC heap before
{Heap before GC invocations=0 (full 0):
 garbage-first heap   total 126976K, used 22528K [0x0000000084200000, 0x0000000100000000)
  region size 1024K, 23 young (23552K), 0 survivors (0K)
 Metaspace       used 6532K, committed 6720K, reserved 1114112K
  class space    used 777K, committed 896K, reserved 1048576K
}
Event: 0.577 GC heap after
{Heap after GC invocations=1 (full 0):
 garbage-first heap   total 126976K, used 2961K [0x0000000084200000, 0x0000000100000000)
  region size 1024K, 3 young (3072K), 3 survivors (3072K)
 Metaspace       used 6532K, committed 6720K, reserved 1114112K
  class space    used 777K, committed 896K, reserved 1048576K
}
Event: 6.070 GC heap before
{Heap before GC invocations=1 (full 0):
 garbage-first heap   total 126976K, used 38801K [0x0000000084200000, 0x0000000100000000)
  region size 1024K, 36 young (36864K), 3 survivors (3072K)
 Metaspace       used 15375K, committed 15744K, reserved 1114112K
  class space    used 2244K, committed 2432K, reserved 1048576K
}
Event: 6.078 GC heap after
{Heap after GC invocations=2 (full 0):
 garbage-first heap   total 126976K, used 10387K [0x0000000084200000, 0x0000000100000000)
  region size 1024K, 5 young (5120K), 5 survivors (5120K)
 Metaspace       used 15375K, committed 15744K, reserved 1114112K
  class space    used 2244K, committed 2432K, reserved 1048576K
}

Dll operation events (20 events):
Event: 0.341 Loaded shared library C:\Users\LAB INFO CEDUP 03\.openjfx\cache\19+11\amd64\api-ms-win-crt-locale-l1-1-0.dll
Event: 0.344 Loaded shared library C:\Users\LAB INFO CEDUP 03\.openjfx\cache\19+11\amd64\api-ms-win-crt-math-l1-1-0.dll
Event: 0.346 Loaded shared library C:\Users\LAB INFO CEDUP 03\.openjfx\cache\19+11\amd64\api-ms-win-crt-multibyte-l1-1-0.dll
Event: 0.348 Loaded shared library C:\Users\LAB INFO CEDUP 03\.openjfx\cache\19+11\amd64\api-ms-win-crt-private-l1-1-0.dll
Event: 0.351 Loaded shared library C:\Users\LAB INFO CEDUP 03\.openjfx\cache\19+11\amd64\api-ms-win-crt-process-l1-1-0.dll
Event: 0.353 Loaded shared library C:\Users\LAB INFO CEDUP 03\.openjfx\cache\19+11\amd64\api-ms-win-crt-runtime-l1-1-0.dll
Event: 0.355 Loaded shared library C:\Users\LAB INFO CEDUP 03\.openjfx\cache\19+11\amd64\api-ms-win-crt-stdio-l1-1-0.dll
Event: 0.357 Loaded shared library C:\Users\LAB INFO CEDUP 03\.openjfx\cache\19+11\amd64\api-ms-win-crt-string-l1-1-0.dll
Event: 0.359 Loaded shared library C:\Users\LAB INFO CEDUP 03\.openjfx\cache\19+11\amd64\api-ms-win-crt-time-l1-1-0.dll
Event: 0.361 Loaded shared library C:\Users\LAB INFO CEDUP 03\.openjfx\cache\19+11\amd64\api-ms-win-crt-utility-l1-1-0.dll
Event: 0.374 Loaded shared library C:\Users\LAB INFO CEDUP 03\.openjfx\cache\19+11\amd64\ucrtbase.dll
Event: 0.378 Loaded shared library C:\Users\LAB INFO CEDUP 03\.openjfx\cache\19+11\amd64\vcruntime140.dll
Event: 0.380 Loaded shared library C:\Users\LAB INFO CEDUP 03\.openjfx\cache\19+11\amd64\vcruntime140_1.dll
Event: 0.387 Loaded shared library C:\Users\LAB INFO CEDUP 03\.openjfx\cache\19+11\amd64\msvcp140.dll
Event: 0.389 Loaded shared library C:\Users\LAB INFO CEDUP 03\.openjfx\cache\19+11\amd64\msvcp140_1.dll
Event: 0.393 Loaded shared library C:\Users\LAB INFO CEDUP 03\.openjfx\cache\19+11\amd64\msvcp140_2.dll
Event: 0.423 Loaded shared library C:\Users\LAB INFO CEDUP 03\.openjfx\cache\19+11\amd64\prism_d3d.dll
Event: 0.448 Loaded shared library C:\Users\LAB INFO CEDUP 03\.openjfx\cache\19+11\amd64\glass.dll
Event: 0.535 Loaded shared library C:\Users\LAB INFO CEDUP 03\.jdks\openjdk-19.0.2\bin\jimage.dll
Event: 0.656 Loaded shared library C:\Users\LAB INFO CEDUP 03\.openjfx\cache\19+11\amd64\javafx_font.dll

Deoptimization events (20 events):
Event: 7.651 Thread 0x0000023ae52c9ff0 Uncommon trap: trap_request=0xffffffbe fr.pc=0x0000023ad5faaeec relative=0x00000000000005ac
Event: 7.651 Thread 0x0000023ae52c9ff0 Uncommon trap: reason=profile_predicate action=maybe_recompile pc=0x0000023ad5faaeec method=com.sun.javafx.css.BitSet.addAll(Ljava/util/Collection;)Z @ 88 c2
Event: 7.651 Thread 0x0000023ae52c9ff0 DEOPT PACKING pc=0x0000023ad5faaeec sp=0x000000d0124fb3a0
Event: 7.651 Thread 0x0000023ae52c9ff0 DEOPT UNPACKING pc=0x0000023ad5986da3 sp=0x000000d0124fb300 mode 2
Event: 7.651 Thread 0x0000023ae52c9ff0 Uncommon trap: trap_request=0xffffffbe fr.pc=0x0000023ad5faaeec relative=0x00000000000005ac
Event: 7.651 Thread 0x0000023ae52c9ff0 Uncommon trap: reason=profile_predicate action=maybe_recompile pc=0x0000023ad5faaeec method=com.sun.javafx.css.BitSet.addAll(Ljava/util/Collection;)Z @ 88 c2
Event: 7.651 Thread 0x0000023ae52c9ff0 DEOPT PACKING pc=0x0000023ad5faaeec sp=0x000000d0124fb390
Event: 7.651 Thread 0x0000023ae52c9ff0 DEOPT UNPACKING pc=0x0000023ad5986da3 sp=0x000000d0124fb2f0 mode 2
Event: 7.651 Thread 0x0000023ae52c9ff0 Uncommon trap: trap_request=0xffffffbe fr.pc=0x0000023ad5faaeec relative=0x00000000000005ac
Event: 7.651 Thread 0x0000023ae52c9ff0 Uncommon trap: reason=profile_predicate action=maybe_recompile pc=0x0000023ad5faaeec method=com.sun.javafx.css.BitSet.addAll(Ljava/util/Collection;)Z @ 88 c2
Event: 7.651 Thread 0x0000023ae52c9ff0 DEOPT PACKING pc=0x0000023ad5faaeec sp=0x000000d0124fb3a0
Event: 7.651 Thread 0x0000023ae52c9ff0 DEOPT UNPACKING pc=0x0000023ad5986da3 sp=0x000000d0124fb300 mode 2
Event: 7.651 Thread 0x0000023ae52c9ff0 Uncommon trap: trap_request=0xffffffbe fr.pc=0x0000023ad5faaeec relative=0x00000000000005ac
Event: 7.651 Thread 0x0000023ae52c9ff0 Uncommon trap: reason=profile_predicate action=maybe_recompile pc=0x0000023ad5faaeec method=com.sun.javafx.css.BitSet.addAll(Ljava/util/Collection;)Z @ 88 c2
Event: 7.651 Thread 0x0000023ae52c9ff0 DEOPT PACKING pc=0x0000023ad5faaeec sp=0x000000d0124fb3a0
Event: 7.651 Thread 0x0000023ae52c9ff0 DEOPT UNPACKING pc=0x0000023ad5986da3 sp=0x000000d0124fb300 mode 2
Event: 7.710 Thread 0x0000023ae52c9aa0 Uncommon trap: trap_request=0xffffff45 fr.pc=0x0000023ad5fc632c relative=0x000000000000008c
Event: 7.710 Thread 0x0000023ae52c9aa0 Uncommon trap: reason=unstable_if action=reinterpret pc=0x0000023ad5fc632c method=com.sun.javafx.geom.RectBounds.isEmpty()Z @ 21 c2
Event: 7.710 Thread 0x0000023ae52c9aa0 DEOPT PACKING pc=0x0000023ad5fc632c sp=0x000000d0122fd8f0
Event: 7.710 Thread 0x0000023ae52c9aa0 DEOPT UNPACKING pc=0x0000023ad5986da3 sp=0x000000d0122fd880 mode 2

Classes loaded (20 events):
Event: 2.161 Loading class sun/text/CompactByteArray
Event: 2.161 Loading class sun/text/CompactByteArray done
Event: 2.161 Loading class sun/text/SupplementaryCharacterData
Event: 2.161 Loading class sun/text/SupplementaryCharacterData done
Event: 2.161 Loading class java/text/BreakIterator$BreakIteratorCache
Event: 2.161 Loading class java/text/BreakIterator$BreakIteratorCache done
Event: 7.496 Loading class java/util/BitSet
Event: 7.496 Loading class java/util/BitSet done
Event: 7.510 Loading class sun/reflect/generics/tree/BottomSignature
Event: 7.510 Loading class sun/reflect/generics/tree/BottomSignature done
Event: 7.510 Loading class sun/reflect/generics/tree/Wildcard
Event: 7.510 Loading class sun/reflect/generics/tree/Wildcard done
Event: 7.510 Loading class sun/reflect/generics/reflectiveObjects/WildcardTypeImpl
Event: 7.510 Loading class java/lang/reflect/WildcardType
Event: 7.510 Loading class java/lang/reflect/WildcardType done
Event: 7.510 Loading class sun/reflect/generics/reflectiveObjects/WildcardTypeImpl done
Event: 8.626 Loading class java/lang/Throwable$WrappedPrintStream
Event: 8.626 Loading class java/lang/Throwable$PrintStreamOrWriter
Event: 8.627 Loading class java/lang/Throwable$PrintStreamOrWriter done
Event: 8.627 Loading class java/lang/Throwable$WrappedPrintStream done

Classes unloaded (0 events):
No events

Classes redefined (0 events):
No events

Internal exceptions (20 events):
Event: 0.851 Thread 0x0000023ae52c9ff0 Implicit null exception at 0x0000023ad5f1c6ac to 0x0000023ad5f1c93c
Event: 0.904 Thread 0x0000023ae52c9ff0 Implicit null exception at 0x0000023ad5f16812 to 0x0000023ad5f16ec0
Event: 0.959 Thread 0x0000023ae52c9ff0 Exception <a 'java/lang/NoSuchMethodError'{0x000000008aa0f0e0}: 'java.lang.Object java.lang.invoke.DirectMethodHandle$Holder.invokeInterface(java.lang.Object, java.lang.Object, java.lang.Object)'> (0x000000008aa0f0e0) 
thrown [s\open\src\hotspot\share\interpreter\linkResolver.cpp, line 774]
Event: 0.959 Thread 0x0000023ae52c9ff0 Exception <a 'java/lang/IncompatibleClassChangeError'{0x000000008aa12a70}: Found class java.lang.Object, but interface was expected> (0x000000008aa12a70) 
thrown [s\open\src\hotspot\share\interpreter\linkResolver.cpp, line 841]
Event: 1.008 Thread 0x0000023ae52c9ff0 Exception <a 'java/lang/ClassNotFoundException'{0x000000008a882eb8}: com/sun/javafx/scene/control/skin/resources/controls> (0x000000008a882eb8) 
thrown [s\open\src\hotspot\share\prims\jni.cpp, line 536]
Event: 1.008 Thread 0x0000023ae52c9ff0 Exception <a 'java/lang/ClassNotFoundException'{0x000000008a890c90}: com/sun/javafx/scene/control/skin/resources/controls_pt> (0x000000008a890c90) 
thrown [s\open\src\hotspot\share\prims\jni.cpp, line 536]
Event: 1.008 Thread 0x0000023ae52c9ff0 Exception <a 'java/lang/ClassNotFoundException'{0x000000008a891c38}: com/sun/javafx/scene/control/skin/resources/controls_pt_BR> (0x000000008a891c38) 
thrown [s\open\src\hotspot\share\prims\jni.cpp, line 536]
Event: 1.033 Thread 0x0000023ae52c9ff0 Exception <a 'java/lang/NoSuchMethodError'{0x000000008a31bf70}: 'void java.lang.invoke.DirectMethodHandle$Holder.invokeSpecial(java.lang.Object, java.lang.Object, java.lang.Object, java.lang.Object, java.lang.Object, java.lang.Object)'> (0x000000008a31bf70) 
thrown [s\open\src\hotspot\share\interpreter\linkResolver.cpp, line 774]
Event: 1.080 Thread 0x0000023ae52a5070 Exception <a 'sun/nio/fs/WindowsException'{0x000000008a0d9988}> (0x000000008a0d9988) 
thrown [s\open\src\hotspot\share\prims\jni.cpp, line 517]
Event: 1.087 Thread 0x0000023ae52c9ff0 Exception <a 'java/lang/NoSuchMethodError'{0x000000008a076498}: 'int java.lang.invoke.DirectMethodHandle$Holder.invokeSpecial(java.lang.Object, java.lang.Object, int)'> (0x000000008a076498) 
thrown [s\open\src\hotspot\share\interpreter\linkResolver.cpp, line 774]
Event: 1.098 Thread 0x0000023ae52c9ff0 Exception <a 'java/lang/NoSuchMethodError'{0x0000000089f24998}: 'java.lang.Object java.lang.invoke.DirectMethodHandle$Holder.newInvokeSpecial(java.lang.Object, java.lang.Object, int)'> (0x0000000089f24998) 
thrown [s\open\src\hotspot\share\interpreter\linkResolver.cpp, line 774]
Event: 1.121 Thread 0x0000023ae52c9aa0 Exception <a 'java/lang/NoSuchMethodError'{0x0000000089e58840}: 'int java.lang.invoke.DirectMethodHandle$Holder.invokeStaticInit(java.lang.Object, java.lang.Object)'> (0x0000000089e58840) 
thrown [s\open\src\hotspot\share\interpreter\linkResolver.cpp, line 774]
Event: 2.162 Thread 0x0000023ae52c9ff0 Exception <a 'java/lang/NoSuchMethodError'{0x0000000089baf898}: 'long java.lang.invoke.DirectMethodHandle$Holder.invokeStatic(java.lang.Object, java.lang.Object, java.lang.Object)'> (0x0000000089baf898) 
thrown [s\open\src\hotspot\share\interpreter\linkResolver.cpp, line 774]
Event: 2.162 Thread 0x0000023ae52c9ff0 Exception <a 'java/lang/NoSuchMethodError'{0x0000000089bb2f10}: 'long java.lang.invoke.DirectMethodHandle$Holder.invokeStaticInit(java.lang.Object, java.lang.Object, java.lang.Object)'> (0x0000000089bb2f10) 
thrown [s\open\src\hotspot\share\interpreter\linkResolver.cpp, line 774]
Event: 2.164 Thread 0x0000023ae52c9ff0 Exception <a 'java/lang/NoSuchMethodError'{0x0000000089bcb500}: 'java.lang.Object java.lang.invoke.DirectMethodHandle$Holder.newInvokeSpecial(java.lang.Object, java.lang.Object, long)'> (0x0000000089bcb500) 
thrown [s\open\src\hotspot\share\interpreter\linkResolver.cpp, line 774]
Event: 2.164 Thread 0x0000023ae52c9ff0 Exception <a 'java/lang/NoSuchMethodError'{0x0000000089bcf088}: 'java.lang.Object java.lang.invoke.Invokers$Holder.linkToTargetMethod(java.lang.Object, long, java.lang.Object)'> (0x0000000089bcf088) 
thrown [s\open\src\hotspot\share\interpreter\linkResolver.cpp, line 774]
Event: 2.205 Thread 0x0000023ae52c9ff0 Exception <a 'java/lang/NoSuchMethodError'{0x0000000089bdfdc0}: 'java.lang.Object java.lang.invoke.DirectMethodHandle$Holder.newInvokeSpecial(java.lang.Object, java.lang.Object, int, int, int, int, int, java.lang.Object)'> (0x0000000089bdfdc0) 
thrown [s\open\src\hotspot\share\interpreter\linkResolver.cpp, line 774]
Event: 2.206 Thread 0x0000023ae52c9ff0 Exception <a 'java/lang/NoSuchMethodError'{0x0000000089bf2da8}: 'java.lang.Object java.lang.invoke.DirectMethodHandle$Holder.newInvokeSpecial(java.lang.Object, java.lang.Object, java.lang.Object, int, int, int, int, int)'> (0x0000000089bf2da8) 
thrown [s\open\src\hotspot\share\interpreter\linkResolver.cpp, line 774]
Event: 2.206 Thread 0x0000023ae52c9ff0 Exception <a 'java/lang/NoSuchMethodError'{0x0000000089a03cf0}: 'java.lang.Object java.lang.invoke.Invokers$Holder.linkToTargetMethod(java.lang.Object, java.lang.Object, int, int, int, int, int, java.lang.Object)'> (0x0000000089a03cf0) 
thrown [s\open\src\hotspot\share\interpreter\linkResolver.cpp, line 774]
Event: 7.568 Thread 0x0000023ae52c9ff0 Exception <a 'java/lang/NoSuchMethodError'{0x000000008b7ff098}: 'int java.lang.invoke.DirectMethodHandle$Holder.invokeVirtual(java.lang.Object, java.lang.Object)'> (0x000000008b7ff098) 
thrown [s\open\src\hotspot\share\interpreter\linkResolver.cpp, line 774]

VM Operations (20 events):
Event: 0.574 Executing VM operation: G1CollectForAllocation
Event: 0.577 Executing VM operation: G1CollectForAllocation done
Event: 0.659 Executing VM operation: HandshakeAllThreads
Event: 0.659 Executing VM operation: HandshakeAllThreads done
Event: 0.981 Executing VM operation: ICBufferFull
Event: 0.981 Executing VM operation: ICBufferFull done
Event: 1.982 Executing VM operation: Cleanup
Event: 1.982 Executing VM operation: Cleanup done
Event: 3.982 Executing VM operation: Cleanup
Event: 3.982 Executing VM operation: Cleanup done
Event: 4.806 Executing VM operation: HandshakeAllThreads
Event: 4.806 Executing VM operation: HandshakeAllThreads done
Event: 5.806 Executing VM operation: Cleanup
Event: 5.806 Executing VM operation: Cleanup done
Event: 6.070 Executing VM operation: G1CollectForAllocation
Event: 6.078 Executing VM operation: G1CollectForAllocation done
Event: 7.613 Executing VM operation: ICBufferFull
Event: 7.613 Executing VM operation: ICBufferFull done
Event: 8.497 Executing VM operation: ICBufferFull
Event: 8.498 Executing VM operation: ICBufferFull done

Events (20 events):
Event: 0.180 Thread 0x0000023ae52c8ab0 Thread added: 0x0000023ae52c8ab0
Event: 0.180 Thread 0x0000023ae52c9000 Thread added: 0x0000023ae52c9000
Event: 0.415 Thread 0x0000023ae52c9aa0 Thread added: 0x0000023ae52c9aa0
Event: 0.450 Thread 0x0000023ae52c7020 Thread added: 0x0000023ae52c7020
Event: 0.453 Thread 0x0000023ae52c9ff0 Thread added: 0x0000023ae52c9ff0
Event: 0.512 Thread 0x0000023ae52c7ac0 Thread added: 0x0000023ae52c7ac0
Event: 0.513 Thread 0x0000023aea4f49f0 Thread added: 0x0000023aea4f49f0
Event: 0.955 Thread 0x0000023aea4f24c0 Thread added: 0x0000023aea4f24c0
Event: 1.146 Thread 0x0000023aea4efa40 Thread added: 0x0000023aea4efa40
Event: 1.324 Thread 0x0000023ae52c2590 Thread exited: 0x0000023ae52c2590
Event: 1.324 Thread 0x0000023ae52c5210 Thread exited: 0x0000023ae52c5210
Event: 7.570 Thread 0x0000023ae52c5210 Thread added: 0x0000023ae52c5210
Event: 7.627 Thread 0x0000023ae52c57a0 Thread added: 0x0000023ae52c57a0
Event: 7.821 Thread 0x0000023ae52c5210 Thread exited: 0x0000023ae52c5210
Event: 7.821 Thread 0x0000023ae52c57a0 Thread exited: 0x0000023ae52c57a0
Event: 8.038 Thread 0x0000023ae52c4160 Thread added: 0x0000023ae52c4160
Event: 8.269 Thread 0x0000023ae52c4160 Thread exited: 0x0000023ae52c4160
Event: 8.499 Thread 0x0000023ae52c5210 Thread added: 0x0000023ae52c5210
Event: 8.508 Thread 0x0000023ae52c2000 Thread added: 0x0000023ae52c2000
Event: 8.629 Thread 0x0000023ae52c2000 Thread exited: 0x0000023ae52c2000


Dynamic libraries:
0x00007ff60e2c0000 - 0x00007ff60e2ce000 	C:\Users\LAB INFO CEDUP 03\.jdks\openjdk-19.0.2\bin\java.exe
0x00007ffec7410000 - 0x00007ffec7608000 	C:\Windows\SYSTEM32\ntdll.dll
0x00007ffec6ba0000 - 0x00007ffec6c5f000 	C:\Windows\System32\KERNEL32.DLL
0x00007ffec4eb0000 - 0x00007ffec518a000 	C:\Windows\System32\KERNELBASE.dll
0x00007ffec4d50000 - 0x00007ffec4e50000 	C:\Windows\System32\ucrtbase.dll
0x00007ffe98d10000 - 0x00007ffe98d2b000 	C:\Users\LAB INFO CEDUP 03\.jdks\openjdk-19.0.2\bin\VCRUNTIME140.dll
0x00007ffe98d30000 - 0x00007ffe98d47000 	C:\Users\LAB INFO CEDUP 03\.jdks\openjdk-19.0.2\bin\jli.dll
0x00007ffec71b0000 - 0x00007ffec734d000 	C:\Windows\System32\USER32.dll
0x00007ffec4e50000 - 0x00007ffec4e72000 	C:\Windows\System32\win32u.dll
0x00007ffeaabc0000 - 0x00007ffeaae5a000 	C:\Windows\WinSxS\amd64_microsoft.windows.common-controls_6595b64144ccf1df_6.0.19041.1110_none_60b5254171f9507e\COMCTL32.dll
0x00007ffec6b60000 - 0x00007ffec6b8b000 	C:\Windows\System32\GDI32.dll
0x00007ffec5470000 - 0x00007ffec550e000 	C:\Windows\System32\msvcrt.dll
0x00007ffec4b20000 - 0x00007ffec4c30000 	C:\Windows\System32\gdi32full.dll
0x00007ffec5190000 - 0x00007ffec522d000 	C:\Windows\System32\msvcp_win.dll
0x00007ffec6980000 - 0x00007ffec69b0000 	C:\Windows\System32\IMM32.DLL
0x00007ffea9f70000 - 0x00007ffea9f7c000 	C:\Users\LAB INFO CEDUP 03\.jdks\openjdk-19.0.2\bin\vcruntime140_1.dll
0x00007ffe8ee40000 - 0x00007ffe8eece000 	C:\Users\LAB INFO CEDUP 03\.jdks\openjdk-19.0.2\bin\msvcp140.dll
0x00007ffe6c9a0000 - 0x00007ffe6d660000 	C:\Users\LAB INFO CEDUP 03\.jdks\openjdk-19.0.2\bin\server\jvm.dll
0x00007ffec6180000 - 0x00007ffec622e000 	C:\Windows\System32\ADVAPI32.dll
0x00007ffec5ac0000 - 0x00007ffec5b5c000 	C:\Windows\System32\sechost.dll
0x00007ffec5850000 - 0x00007ffec5976000 	C:\Windows\System32\RPCRT4.dll
0x00007ffeae6f0000 - 0x00007ffeae6f9000 	C:\Windows\SYSTEM32\WSOCK32.dll
0x00007ffeb0560000 - 0x00007ffeb0587000 	C:\Windows\SYSTEM32\WINMM.dll
0x00007ffebf910000 - 0x00007ffebf91a000 	C:\Windows\SYSTEM32\VERSION.dll
0x00007ffec6080000 - 0x00007ffec60eb000 	C:\Windows\System32\WS2_32.dll
0x00007ffec3390000 - 0x00007ffec33a2000 	C:\Windows\SYSTEM32\kernel.appcore.dll
0x00007ffea6010000 - 0x00007ffea601a000 	C:\Users\LAB INFO CEDUP 03\.jdks\openjdk-19.0.2\bin\jimage.dll
0x00007ffec2790000 - 0x00007ffec2974000 	C:\Windows\SYSTEM32\DBGHELP.DLL
0x00007ffeacb40000 - 0x00007ffeacb74000 	C:\Windows\SYSTEM32\dbgcore.DLL
0x00007ffec5230000 - 0x00007ffec52b2000 	C:\Windows\System32\bcryptPrimitives.dll
0x00007ffec1c20000 - 0x00007ffec1c2e000 	C:\Users\LAB INFO CEDUP 03\.jdks\openjdk-19.0.2\bin\instrument.dll
0x00007ffe98ce0000 - 0x00007ffe98d06000 	C:\Users\LAB INFO CEDUP 03\.jdks\openjdk-19.0.2\bin\java.dll
0x00007ffe8ed60000 - 0x00007ffe8ee37000 	C:\Users\LAB INFO CEDUP 03\.jdks\openjdk-19.0.2\bin\jsvml.dll
0x00007ffec6230000 - 0x00007ffec6974000 	C:\Windows\System32\SHELL32.dll
0x00007ffec2be0000 - 0x00007ffec3373000 	C:\Windows\SYSTEM32\windows.storage.dll
0x00007ffec6e50000 - 0x00007ffec71a4000 	C:\Windows\System32\combase.dll
0x00007ffec4510000 - 0x00007ffec453e000 	C:\Windows\SYSTEM32\Wldp.dll
0x00007ffec5fd0000 - 0x00007ffec607d000 	C:\Windows\System32\SHCORE.dll
0x00007ffec6d40000 - 0x00007ffec6d95000 	C:\Windows\System32\shlwapi.dll
0x00007ffec4a60000 - 0x00007ffec4a7f000 	C:\Windows\SYSTEM32\profapi.dll
0x00007ffe8ed40000 - 0x00007ffe8ed53000 	C:\Users\LAB INFO CEDUP 03\.jdks\openjdk-19.0.2\bin\net.dll
0x00007ffebc170000 - 0x00007ffebc27a000 	C:\Windows\SYSTEM32\WINHTTP.dll
0x00007ffec4200000 - 0x00007ffec426a000 	C:\Windows\system32\mswsock.dll
0x00007ffe8ed20000 - 0x00007ffe8ed36000 	C:\Users\LAB INFO CEDUP 03\.jdks\openjdk-19.0.2\bin\nio.dll
0x00007ffe8ed00000 - 0x00007ffe8ed18000 	C:\Users\LAB INFO CEDUP 03\.jdks\openjdk-19.0.2\bin\zip.dll
0x00007ffec00b0000 - 0x00007ffec00ca000 	C:\Users\LAB INFO CEDUP 03\AppData\Local\JetBrains\IntelliJ IDEA Community Edition 2022.3.2\bin\breakgen64.dll
0x0000023ac4d80000 - 0x0000023ac4d83000 	C:\Users\LAB INFO CEDUP 03\.openjfx\cache\19+11\amd64\api-ms-win-core-console-l1-1-0.dll
0x0000023ac4d90000 - 0x0000023ac4d93000 	C:\Users\LAB INFO CEDUP 03\.openjfx\cache\19+11\amd64\api-ms-win-core-console-l1-2-0.dll
0x0000023ac4da0000 - 0x0000023ac4da3000 	C:\Users\LAB INFO CEDUP 03\.openjfx\cache\19+11\amd64\api-ms-win-core-datetime-l1-1-0.dll
0x0000023ae5310000 - 0x0000023ae5313000 	C:\Users\LAB INFO CEDUP 03\.openjfx\cache\19+11\amd64\api-ms-win-core-debug-l1-1-0.dll
0x0000023ae5320000 - 0x0000023ae5323000 	C:\Users\LAB INFO CEDUP 03\.openjfx\cache\19+11\amd64\api-ms-win-core-errorhandling-l1-1-0.dll
0x0000023ae5330000 - 0x0000023ae5334000 	C:\Users\LAB INFO CEDUP 03\.openjfx\cache\19+11\amd64\api-ms-win-core-file-l1-1-0.dll
0x0000023ae5340000 - 0x0000023ae5343000 	C:\Users\LAB INFO CEDUP 03\.openjfx\cache\19+11\amd64\api-ms-win-core-file-l1-2-0.dll
0x0000023ae5350000 - 0x0000023ae5353000 	C:\Users\LAB INFO CEDUP 03\.openjfx\cache\19+11\amd64\api-ms-win-core-file-l2-1-0.dll
0x0000023ae5360000 - 0x0000023ae5363000 	C:\Users\LAB INFO CEDUP 03\.openjfx\cache\19+11\amd64\api-ms-win-core-handle-l1-1-0.dll
0x0000023ae5370000 - 0x0000023ae5373000 	C:\Users\LAB INFO CEDUP 03\.openjfx\cache\19+11\amd64\api-ms-win-core-heap-l1-1-0.dll
0x0000023ae5380000 - 0x0000023ae5383000 	C:\Users\LAB INFO CEDUP 03\.openjfx\cache\19+11\amd64\api-ms-win-core-interlocked-l1-1-0.dll
0x0000023ae5390000 - 0x0000023ae5393000 	C:\Users\LAB INFO CEDUP 03\.openjfx\cache\19+11\amd64\api-ms-win-core-libraryloader-l1-1-0.dll
0x0000023ae53a0000 - 0x0000023ae53a3000 	C:\Users\LAB INFO CEDUP 03\.openjfx\cache\19+11\amd64\api-ms-win-core-localization-l1-2-0.dll
0x0000023ae53b0000 - 0x0000023ae53b3000 	C:\Users\LAB INFO CEDUP 03\.openjfx\cache\19+11\amd64\api-ms-win-core-memory-l1-1-0.dll
0x0000023ae53c0000 - 0x0000023ae53c3000 	C:\Users\LAB INFO CEDUP 03\.openjfx\cache\19+11\amd64\api-ms-win-core-namedpipe-l1-1-0.dll
0x0000023ae53d0000 - 0x0000023ae53d3000 	C:\Users\LAB INFO CEDUP 03\.openjfx\cache\19+11\amd64\api-ms-win-core-processenvironment-l1-1-0.dll
0x0000023ae53e0000 - 0x0000023ae53e3000 	C:\Users\LAB INFO CEDUP 03\.openjfx\cache\19+11\amd64\api-ms-win-core-processthreads-l1-1-0.dll
0x0000023ae53f0000 - 0x0000023ae53f3000 	C:\Users\LAB INFO CEDUP 03\.openjfx\cache\19+11\amd64\api-ms-win-core-processthreads-l1-1-1.dll
0x0000023aeb0f0000 - 0x0000023aeb0f3000 	C:\Users\LAB INFO CEDUP 03\.openjfx\cache\19+11\amd64\api-ms-win-core-profile-l1-1-0.dll
0x0000023aeb100000 - 0x0000023aeb103000 	C:\Users\LAB INFO CEDUP 03\.openjfx\cache\19+11\amd64\api-ms-win-core-rtlsupport-l1-1-0.dll
0x0000023aeb110000 - 0x0000023aeb113000 	C:\Users\LAB INFO CEDUP 03\.openjfx\cache\19+11\amd64\api-ms-win-core-string-l1-1-0.dll
0x0000023aeb120000 - 0x0000023aeb123000 	C:\Users\LAB INFO CEDUP 03\.openjfx\cache\19+11\amd64\api-ms-win-core-synch-l1-1-0.dll
0x0000023aeb130000 - 0x0000023aeb133000 	C:\Users\LAB INFO CEDUP 03\.openjfx\cache\19+11\amd64\api-ms-win-core-synch-l1-2-0.dll
0x0000023aeb140000 - 0x0000023aeb143000 	C:\Users\LAB INFO CEDUP 03\.openjfx\cache\19+11\amd64\api-ms-win-core-sysinfo-l1-1-0.dll
0x0000023aeb150000 - 0x0000023aeb153000 	C:\Users\LAB INFO CEDUP 03\.openjfx\cache\19+11\amd64\api-ms-win-core-timezone-l1-1-0.dll
0x0000023aeb160000 - 0x0000023aeb163000 	C:\Users\LAB INFO CEDUP 03\.openjfx\cache\19+11\amd64\api-ms-win-core-util-l1-1-0.dll
0x0000023aeb170000 - 0x0000023aeb173000 	C:\Users\LAB INFO CEDUP 03\.openjfx\cache\19+11\amd64\api-ms-win-crt-conio-l1-1-0.dll
0x0000023aeb180000 - 0x0000023aeb184000 	C:\Users\LAB INFO CEDUP 03\.openjfx\cache\19+11\amd64\api-ms-win-crt-convert-l1-1-0.dll
0x0000023aeb190000 - 0x0000023aeb193000 	C:\Users\LAB INFO CEDUP 03\.openjfx\cache\19+11\amd64\api-ms-win-crt-environment-l1-1-0.dll
0x0000023aeb1a0000 - 0x0000023aeb1a3000 	C:\Users\LAB INFO CEDUP 03\.openjfx\cache\19+11\amd64\api-ms-win-crt-filesystem-l1-1-0.dll
0x0000023aeb1b0000 - 0x0000023aeb1b3000 	C:\Users\LAB INFO CEDUP 03\.openjfx\cache\19+11\amd64\api-ms-win-crt-heap-l1-1-0.dll
0x0000023aeb1c0000 - 0x0000023aeb1c3000 	C:\Users\LAB INFO CEDUP 03\.openjfx\cache\19+11\amd64\api-ms-win-crt-locale-l1-1-0.dll
0x0000023aeb1d0000 - 0x0000023aeb1d5000 	C:\Users\LAB INFO CEDUP 03\.openjfx\cache\19+11\amd64\api-ms-win-crt-math-l1-1-0.dll
0x0000023aeb1e0000 - 0x0000023aeb1e5000 	C:\Users\LAB INFO CEDUP 03\.openjfx\cache\19+11\amd64\api-ms-win-crt-multibyte-l1-1-0.dll
0x0000023aeb1f0000 - 0x0000023aeb200000 	C:\Users\LAB INFO CEDUP 03\.openjfx\cache\19+11\amd64\api-ms-win-crt-private-l1-1-0.dll
0x0000023aeb200000 - 0x0000023aeb203000 	C:\Users\LAB INFO CEDUP 03\.openjfx\cache\19+11\amd64\api-ms-win-crt-process-l1-1-0.dll
0x0000023aeb210000 - 0x0000023aeb214000 	C:\Users\LAB INFO CEDUP 03\.openjfx\cache\19+11\amd64\api-ms-win-crt-runtime-l1-1-0.dll
0x0000023aeb220000 - 0x0000023aeb224000 	C:\Users\LAB INFO CEDUP 03\.openjfx\cache\19+11\amd64\api-ms-win-crt-stdio-l1-1-0.dll
0x0000023aeb230000 - 0x0000023aeb234000 	C:\Users\LAB INFO CEDUP 03\.openjfx\cache\19+11\amd64\api-ms-win-crt-string-l1-1-0.dll
0x0000023aeb240000 - 0x0000023aeb243000 	C:\Users\LAB INFO CEDUP 03\.openjfx\cache\19+11\amd64\api-ms-win-crt-time-l1-1-0.dll
0x0000023aeb250000 - 0x0000023aeb253000 	C:\Users\LAB INFO CEDUP 03\.openjfx\cache\19+11\amd64\api-ms-win-crt-utility-l1-1-0.dll
0x00007ffebb5b0000 - 0x00007ffebb6ac000 	C:\Users\LAB INFO CEDUP 03\.openjfx\cache\19+11\amd64\ucrtbase.dll
0x00007ffec0020000 - 0x00007ffec003b000 	C:\Users\LAB INFO CEDUP 03\.openjfx\cache\19+11\amd64\vcruntime140.dll
0x00007ffebfff0000 - 0x00007ffebfffc000 	C:\Users\LAB INFO CEDUP 03\.openjfx\cache\19+11\amd64\vcruntime140_1.dll
0x00007ffeaa120000 - 0x00007ffeaa1ae000 	C:\Users\LAB INFO CEDUP 03\.openjfx\cache\19+11\amd64\msvcp140.dll
0x00007ffebffe0000 - 0x00007ffebffe9000 	C:\Users\LAB INFO CEDUP 03\.openjfx\cache\19+11\amd64\msvcp140_1.dll
0x00007ffebbe50000 - 0x00007ffebbe80000 	C:\Users\LAB INFO CEDUP 03\.openjfx\cache\19+11\amd64\msvcp140_2.dll
0x00007ffebbab0000 - 0x00007ffebbadc000 	C:\Users\LAB INFO CEDUP 03\.openjfx\cache\19+11\amd64\prism_d3d.dll
0x00007ffe8eed0000 - 0x00007ffe8f09d000 	C:\Windows\system32\d3d9.dll
0x00007ffec2350000 - 0x00007ffec237f000 	C:\Windows\SYSTEM32\dwmapi.dll
0x00007ffec2170000 - 0x00007ffec220e000 	C:\Windows\system32\uxtheme.dll
0x00007ffe73f10000 - 0x00007ffe740bd000 	C:\Windows\System32\DriverStore\FileRepository\iigd_dch.inf_amd64_b0745509839d43bd\igdumdim64.dll
0x00007ffec69b0000 - 0x00007ffec6ada000 	C:\Windows\System32\ole32.dll
0x00007ffe64730000 - 0x00007ffe677d3000 	C:\Windows\System32\DriverStore\FileRepository\iigd_dch.inf_amd64_b0745509839d43bd\igd9dxva64.dll
0x00007ffec5570000 - 0x00007ffec563d000 	C:\Windows\System32\OLEAUT32.dll
0x00007ffec5b60000 - 0x00007ffec5fc8000 	C:\Windows\System32\SETUPAPI.dll
0x00007ffec5420000 - 0x00007ffec546e000 	C:\Windows\System32\cfgmgr32.dll
0x00007ffec4e80000 - 0x00007ffec4ea7000 	C:\Windows\System32\bcrypt.dll
0x00007ffeba0d0000 - 0x00007ffeba4d9000 	C:\Windows\System32\DriverStore\FileRepository\iigd_dch.inf_amd64_b0745509839d43bd\igdgmm64.dll
0x00007ffebb790000 - 0x00007ffebb7d2000 	C:\Users\LAB INFO CEDUP 03\.openjfx\cache\19+11\amd64\glass.dll
0x00007ffec6c60000 - 0x00007ffec6d3a000 	C:\Windows\System32\COMDLG32.dll
0x00007ffec59a0000 - 0x00007ffec5ab4000 	C:\Windows\System32\MSCTF.dll
0x00007ffe6f560000 - 0x00007ffe6f587000 	C:\Windows\System32\DriverStore\FileRepository\iigd_dch.inf_amd64_b0745509839d43bd\igdinfo64.dll
0x00007ffec43f0000 - 0x00007ffec4408000 	C:\Windows\SYSTEM32\CRYPTSP.dll
0x00007ffec3b20000 - 0x00007ffec3b54000 	C:\Windows\system32\rsaenh.dll
0x00007ffec4410000 - 0x00007ffec441c000 	C:\Windows\SYSTEM32\CRYPTBASE.dll
0x00007ffeb67f0000 - 0x00007ffeb9f84000 	C:\Windows\System32\DriverStore\FileRepository\iigd_dch.inf_amd64_b0745509839d43bd\igc64.dll
0x00007ffebc5e0000 - 0x00007ffebc61b000 	C:\Windows\SYSTEM32\dxcore.dll
0x00007ffebcff0000 - 0x00007ffebd004000 	C:\Users\LAB INFO CEDUP 03\.openjfx\cache\19+11\amd64\javafx_font.dll
0x00007ffeb5b70000 - 0x00007ffeb5def000 	C:\Windows\SYSTEM32\dwrite.dll
0x00007ffec6da0000 - 0x00007ffec6e49000 	C:\Windows\System32\clbcatq.dll
0x00007ffebef40000 - 0x00007ffebf0f4000 	C:\Windows\SYSTEM32\WindowsCodecs.dll
0x00007ffea0910000 - 0x00007ffea094e000 	C:\Windows\system32\dataexchange.dll
0x00007ffec1320000 - 0x00007ffec1503000 	C:\Windows\system32\dcomp.dll
0x00007ffec1080000 - 0x00007ffec12e3000 	C:\Windows\system32\d3d11.dll
0x00007ffec33e0000 - 0x00007ffec34d3000 	C:\Windows\system32\dxgi.dll
0x00007ffebf390000 - 0x00007ffebf590000 	C:\Windows\system32\twinapi.appcore.dll
0x00007ffe8ecc0000 - 0x00007ffe8ecf4000 	C:\Program Files\Common Files\Microsoft Shared\Ink\rtscom.dll
0x00007ffebc4e0000 - 0x00007ffebc5d9000 	C:\Windows\SYSTEM32\textinputframework.dll
0x00007ffec1cd0000 - 0x00007ffec1dc2000 	C:\Windows\System32\CoreMessaging.dll
0x00007ffec1890000 - 0x00007ffec1bee000 	C:\Windows\System32\CoreUIComponents.dll
0x00007ffec3c40000 - 0x00007ffec3c73000 	C:\Windows\SYSTEM32\ntmarta.dll

dbghelp: loaded successfully - version: 4.0.5 - missing functions: none
symbol engine: initialized successfully - sym options: 0x614 - pdb path: .;C:\Users\LAB INFO CEDUP 03\.jdks\openjdk-19.0.2\bin;C:\Windows\SYSTEM32;C:\Windows\WinSxS\amd64_microsoft.windows.common-controls_6595b64144ccf1df_6.0.19041.1110_none_60b5254171f9507e;C:\Users\LAB INFO CEDUP 03\.jdks\openjdk-19.0.2\bin\server;C:\Users\LAB INFO CEDUP 03\AppData\Local\JetBrains\IntelliJ IDEA Community Edition 2022.3.2\bin;C:\Users\LAB INFO CEDUP 03\.openjfx\cache\19+11\amd64;C:\Windows\System32\DriverStore\FileRepository\iigd_dch.inf_amd64_b0745509839d43bd;C:\Program Files\Common Files\Microsoft Shared\Ink

VM Arguments:
jvm_args: -javaagent:C:\Users\LAB INFO CEDUP 03\AppData\Local\JetBrains\IntelliJ IDEA Community Edition 2022.3.2\lib\idea_rt.jar=64371:C:\Users\LAB INFO CEDUP 03\AppData\Local\JetBrains\IntelliJ IDEA Community Edition 2022.3.2\bin -Dfile.encoding=UTF-8 -Dsun.stdout.encoding=UTF-8 -Dsun.stderr.encoding=UTF-8 --module-path=C:\Users\LAB INFO CEDUP 03\.m2\repository\org\openjfx\javafx-fxml\19\javafx-fxml-19-win.jar;C:\Users\LAB INFO CEDUP 03\.m2\repository\org\openjfx\javafx-controls\19\javafx-controls-19-win.jar;C:\Users\LAB INFO CEDUP 03\IdeaProjects\ProjectONEGAMES\target\classes;C:\Users\LAB INFO CEDUP 03\.m2\repository\org\openjfx\javafx-graphics\19\javafx-graphics-19-win.jar;C:\Users\LAB INFO CEDUP 03\.m2\repository\org\openjfx\javafx-base\19\javafx-base-19-win.jar -Djdk.module.main=com.example.projectonegames 
java_command: com.example.projectonegames/com.example.projectonegames.HelloApplication
java_class_path (initial): C:\Users\LAB INFO CEDUP 03\.m2\repository\org\openjfx\javafx-controls\19\javafx-controls-19.jar;C:\Users\LAB INFO CEDUP 03\.m2\repository\org\openjfx\javafx-graphics\19\javafx-graphics-19.jar;C:\Users\LAB INFO CEDUP 03\.m2\repository\org\openjfx\javafx-base\19\javafx-base-19.jar;C:\Users\LAB INFO CEDUP 03\.m2\repository\org\openjfx\javafx-fxml\19\javafx-fxml-19.jar
Launcher Type: SUN_STANDARD

[Global flags]
     intx CICompilerCount                          = 4                                         {product} {ergonomic}
     uint ConcGCThreads                            = 2                                         {product} {ergonomic}
     uint G1ConcRefinementThreads                  = 8                                         {product} {ergonomic}
   size_t G1HeapRegionSize                         = 1048576                                   {product} {ergonomic}
    uintx GCDrainStackTargetSize                   = 64                                        {product} {ergonomic}
   size_t InitialHeapSize                          = 130023424                                 {product} {ergonomic}
   size_t MarkStackSize                            = 4194304                                   {product} {ergonomic}
   size_t MaxHeapSize                              = 2078277632                                {product} {ergonomic}
   size_t MaxNewSize                               = 1246756864                                {product} {ergonomic}
   size_t MinHeapDeltaBytes                        = 1048576                                   {product} {ergonomic}
   size_t MinHeapSize                              = 8388608                                   {product} {ergonomic}
    uintx NonNMethodCodeHeapSize                   = 5839372                                {pd product} {ergonomic}
    uintx NonProfiledCodeHeapSize                  = 122909434                              {pd product} {ergonomic}
    uintx ProfiledCodeHeapSize                     = 122909434                              {pd product} {ergonomic}
    uintx ReservedCodeCacheSize                    = 251658240                              {pd product} {ergonomic}
     bool SegmentedCodeCache                       = true                                      {product} {ergonomic}
   size_t SoftMaxHeapSize                          = 2078277632                             {manageable} {ergonomic}
     bool UseCompressedClassPointers               = true                           {product lp64_product} {ergonomic}
     bool UseCompressedOops                        = true                           {product lp64_product} {ergonomic}
     bool UseG1GC                                  = true                                      {product} {ergonomic}
     bool UseLargePagesIndividualAllocation        = false                                  {pd product} {ergonomic}

Logging:
Log output configuration:
 #0: stdout all=warning uptime,level,tags foldmultilines=false
 #1: stderr all=off uptime,level,tags foldmultilines=false

Environment Variables:
PATH=C:\Program Files (x86)\Common Files\Oracle\Java\javapath;C:\Windows\system32;C:\Windows;C:\Windows\System32\Wbem;C:\Windows\System32\WindowsPowerShell\v1.0\;C:\Windows\System32\OpenSSH\;C:\Program Files\PuTTY\;C:\Users\LAB INFO CEDUP 03\AppData\Local\Microsoft\WindowsApps;;C:\Users\LAB INFO CEDUP 03\AppData\Local\Programs\Microsoft VS Code\bin
USERNAME=LAB INFO CEDUP 03
OS=Windows_NT
PROCESSOR_IDENTIFIER=Intel64 Family 6 Model 165 Stepping 3, GenuineIntel
TMP=C:\Users\LABINF~1\AppData\Local\Temp
TEMP=C:\Users\LABINF~1\AppData\Local\Temp



---------------  S Y S T E M  ---------------

OS:
 Windows 10 , 64 bit Build 19041 (10.0.19041.2788)
OS uptime: 8 days 2:54 hours

CPU: total 8 (initial active 8) (4 cores per cpu, 2 threads per core) family 6 model 165 stepping 3 microcode 0xec, cx8, cmov, fxsr, ht, mmx, 3dnowpref, sse, sse2, sse3, ssse3, sse4.1, sse4.2, popcnt, lzcnt, tsc, tscinvbit, avx, avx2, aes, erms, clmul, bmi1, bmi2, adx, fma, vzeroupper, clflush, clflushopt, rdtscp

Memory: 4k page, system-wide physical 7926M (1173M free)
TotalPageFile size 11984M (AvailPageFile size 2199M)
current process WorkingSet (physical memory assigned to process): 187M, peak: 194M
current process commit charge ("private bytes"): 305M, peak: 313M

vm_info: OpenJDK 64-Bit Server VM (19.0.2+7-44) for windows-amd64 JRE (19.0.2+7-44), built on 2022-11-30T18:02:09Z by "mach5one" with MS VC++ 17.1 (VS2022)

END.
